WARNING:root:PRISM FUNCTIONS:  The logfile has been renamed to: C:\Users\Alta Arts\AppData\Roaming\GIMP\2.10\plug-ins\logs\Gimp-Prism_Log_OLD.log
WARNING:root:PRISM FUNCTIONS:  Checking Server
WARNING:root:PRISM FUNCTIONS:  Launching Server*


WARNING:root:PRISM FUNCTIONS:  Listening on 127.0.0.1:40404
C:\Program Files\GIMP 2\lib\gimp\2.0\python/gimpfu.py:868: Warning: Two different plugins tried to register 'GeglOpwebp-save_c'.
  gimp.main(None, None, _query, _run)
C:\Program Files\GIMP 2\lib\gimp\2.0\python/gimpfu.py:868: Warning: Two different plugins tried to register 'GeglOpwebp-load_c'.
  gimp.main(None, None, _query, _run)
C:\Program Files\GIMP 2\lib\gimp\2.0\python/gimpfu.py:868: Warning: Two different plugins tried to register 'GeglOpvector-stroke_c'.
  gimp.main(None, None, _query, _run)
C:\Program Files\GIMP 2\lib\gimp\2.0\python/gimpfu.py:868: Warning: Two different plugins tried to register 'GeglOpvector-fill_c'.
  gimp.main(None, None, _query, _run)
C:\Program Files\GIMP 2\lib\gimp\2.0\python/gimpfu.py:868: Warning: Two different plugins tried to register 'GeglOpPlugIn-transform-core'.
  gimp.main(None, None, _query, _run)
C:\Program Files\GIMP 2\lib\gimp\2.0\python/gimpfu.py:868: Warning: Two different plugins tried to register 'GeglOpborder-align_c'.
  gimp.main(None, None, _query, _run)
C:\Program Files\GIMP 2\lib\gimp\2.0\python/gimpfu.py:868: Warning: Two different plugins tried to register 'GeglOpPlugIn-scale-core'.
  gimp.main(None, None, _query, _run)
C:\Program Files\GIMP 2\lib\gimp\2.0\python/gimpfu.py:868: Warning: Two different plugins tried to register 'GeglOpscale-ratio_c'.
  gimp.main(None, None, _query, _run)
C:\Program Files\GIMP 2\lib\gimp\2.0\python/gimpfu.py:868: Warning: Two different plugins tried to register 'GeglOpscale-size_c'.
  gimp.main(None, None, _query, _run)
C:\Program Files\GIMP 2\lib\gimp\2.0\python/gimpfu.py:868: Warning: Two different plugins tried to register 'GeglOpscale-size-keepaspect_c'.
  gimp.main(None, None, _query, _run)
C:\Program Files\GIMP 2\lib\gimp\2.0\python/gimpfu.py:868: Warning: Two different plugins tried to register 'GeglOprotate_c'.
  gimp.main(None, None, _query, _run)
C:\Program Files\GIMP 2\lib\gimp\2.0\python/gimpfu.py:868: Warning: Two different plugins tried to register 'GeglOpreflect_c'.
  gimp.main(None, None, _query, _run)
C:\Program Files\GIMP 2\lib\gimp\2.0\python/gimpfu.py:868: Warning: Two different plugins tried to register 'GeglOpshear_c'.
  gimp.main(None, None, _query, _run)
C:\Program Files\GIMP 2\lib\gimp\2.0\python/gimpfu.py:868: Warning: Two different plugins tried to register 'GeglOptranslate_c'.
  gimp.main(None, None, _query, _run)
C:\Program Files\GIMP 2\lib\gimp\2.0\python/gimpfu.py:868: Warning: Two different plugins tried to register 'GeglOptransform_c'.
  gimp.main(None, None, _query, _run)
C:\Program Files\GIMP 2\lib\gimp\2.0\python/gimpfu.py:868: Warning: Two different plugins tried to register 'GeglOpreset-origin_c'.
  gimp.main(None, None, _query, _run)
C:\Program Files\GIMP 2\lib\gimp\2.0\python/gimpfu.py:868: Warning: Two different plugins tried to register 'GeglOprotate-on-center_c'.
  gimp.main(None, None, _query, _run)
C:\Program Files\GIMP 2\lib\gimp\2.0\python/gimpfu.py:868: Warning: Two different plugins tried to register 'GeglOptiff-save_c'.
  gimp.main(None, None, _query, _run)
C:\Program Files\GIMP 2\lib\gimp\2.0\python/gimpfu.py:868: Warning: Two different plugins tried to register 'GeglOptiff-load_c'.
  gimp.main(None, None, _query, _run)
C:\Program Files\GIMP 2\lib\gimp\2.0\python/gimpfu.py:868: Warning: Two different plugins tried to register 'GeglOptext_c'.
  gimp.main(None, None, _query, _run)
C:\Program Files\GIMP 2\lib\gimp\2.0\python/gimpfu.py:868: Warning: Two different plugins tried to register 'GeglOpsvg-load_c'.
  gimp.main(None, None, _query, _run)
C:\Program Files\GIMP 2\lib\gimp\2.0\python/gimpfu.py:868: Warning: Two different plugins tried to register 'GeglOpseamless-clone_c'.
  gimp.main(None, None, _query, _run)
C:\Program Files\GIMP 2\lib\gimp\2.0\python/gimpfu.py:868: Warning: Two different plugins tried to register 'GeglOpseamless-clone-compose_c'.
  gimp.main(None, None, _query, _run)
C:\Program Files\GIMP 2\lib\gimp\2.0\python/gimpfu.py:868: Warning: Two different plugins tried to register 'GeglOpsdl2-display_c'.
  gimp.main(None, None, _query, _run)
C:\Program Files\GIMP 2\lib\gimp\2.0\python/gimpfu.py:868: Warning: Two different plugins tried to register 'GeglOprgbe-save_c'.
  gimp.main(None, None, _query, _run)
C:\Program Files\GIMP 2\lib\gimp\2.0\python/gimpfu.py:868: Warning: Two different plugins tried to register 'GeglOprgbe-load_c'.
  gimp.main(None, None, _query, _run)
C:\Program Files\GIMP 2\lib\gimp\2.0\python/gimpfu.py:868: Warning: Two different plugins tried to register 'GeglOpraw-load_c'.
  gimp.main(None, None, _query, _run)
C:\Program Files\GIMP 2\lib\gimp\2.0\python/gimpfu.py:868: Warning: Two different plugins tried to register 'GeglOpppm-save_c'.
  gimp.main(None, None, _query, _run)
C:\Program Files\GIMP 2\lib\gimp\2.0\python/gimpfu.py:868: Warning: Two different plugins tried to register 'GeglOpppm-load_c'.
  gimp.main(None, None, _query, _run)
C:\Program Files\GIMP 2\lib\gimp\2.0\python/gimpfu.py:868: Warning: Two different plugins tried to register 'GeglOppng-save_c'.
  gimp.main(None, None, _query, _run)
C:\Program Files\GIMP 2\lib\gimp\2.0\python/gimpfu.py:868: Warning: Two different plugins tried to register 'GeglOppng-load_c'.
  gimp.main(None, None, _query, _run)
C:\Program Files\GIMP 2\lib\gimp\2.0\python/gimpfu.py:868: Warning: Two different plugins tried to register 'GeglOpsave-pixbuf_c'.
  gimp.main(None, None, _query, _run)
C:\Program Files\GIMP 2\lib\gimp\2.0\python/gimpfu.py:868: Warning: Two different plugins tried to register 'GeglOppixbuf_c'.
  gimp.main(None, None, _query, _run)
C:\Program Files\GIMP 2\lib\gimp\2.0\python/gimpfu.py:868: Warning: Two different plugins tried to register 'GeglOppdf-load_c'.
  gimp.main(None, None, _query, _run)
C:\Program Files\GIMP 2\lib\gimp\2.0\python/gimpfu.py:868: Warning: Two different plugins tried to register 'GeglOppath_c'.
  gimp.main(None, None, _query, _run)
C:\Program Files\GIMP 2\lib\gimp\2.0\python/gimpfu.py:868: Warning: Two different plugins tried to register 'GeglOpnpy-save_c'.
  gimp.main(None, None, _query, _run)
C:\Program Files\GIMP 2\lib\gimp\2.0\python/gimpfu.py:868: Warning: Two different plugins tried to register 'GeglOpnpd_c'.
  gimp.main(None, None, _query, _run)
C:\Program Files\GIMP 2\lib\gimp\2.0\python/gimpfu.py:868: Warning: Two different plugins tried to register 'GeglOpmatting-levin_c'.
  gimp.main(None, None, _query, _run)
C:\Program Files\GIMP 2\lib\gimp\2.0\python/gimpfu.py:868: Warning: Two different plugins tried to register 'GeglOplcms-from-profile_c'.
  gimp.main(None, None, _query, _run)
C:\Program Files\GIMP 2\lib\gimp\2.0\python/gimpfu.py:868: Warning: Two different plugins tried to register 'GeglOpjpg-save_c'.
  gimp.main(None, None, _query, _run)
C:\Program Files\GIMP 2\lib\gimp\2.0\python/gimpfu.py:868: Warning: Two different plugins tried to register 'GeglOpjpg-load_c'.
  gimp.main(None, None, _query, _run)
C:\Program Files\GIMP 2\lib\gimp\2.0\python/gimpfu.py:868: Warning: Two different plugins tried to register 'GeglOpjp2-load_c'.
  gimp.main(None, None, _query, _run)
C:\Program Files\GIMP 2\lib\gimp\2.0\python/gimpfu.py:868: Warning: Two different plugins tried to register 'GeglOpgif-load_c'.
  gimp.main(None, None, _query, _run)
C:\Program Files\GIMP 2\lib\gimp\2.0\python/gimpfu.py:868: Warning: Two different plugins tried to register 'GeglOpadd_c'.
  gimp.main(None, None, _query, _run)
C:\Program Files\GIMP 2\lib\gimp\2.0\python/gimpfu.py:868: Warning: Two different plugins tried to register 'GeglOpclear_c'.
  gimp.main(None, None, _query, _run)
C:\Program Files\GIMP 2\lib\gimp\2.0\python/gimpfu.py:868: Warning: Two different plugins tried to register 'GeglOpcolor-burn_c'.
  gimp.main(None, None, _query, _run)
C:\Program Files\GIMP 2\lib\gimp\2.0\python/gimpfu.py:868: Warning: Two different plugins tried to register 'GeglOpcolor-dodge_c'.
  gimp.main(None, None, _query, _run)
C:\Program Files\GIMP 2\lib\gimp\2.0\python/gimpfu.py:868: Warning: Two different plugins tried to register 'GeglOpdarken_c'.
  gimp.main(None, None, _query, _run)
C:\Program Files\GIMP 2\lib\gimp\2.0\python/gimpfu.py:868: Warning: Two different plugins tried to register 'GeglOpdifference_c'.
  gimp.main(None, None, _query, _run)
C:\Program Files\GIMP 2\lib\gimp\2.0\python/gimpfu.py:868: Warning: Two different plugins tried to register 'GeglOpdivide_c'.
  gimp.main(None, None, _query, _run)
C:\Program Files\GIMP 2\lib\gimp\2.0\python/gimpfu.py:868: Warning: Two different plugins tried to register 'GeglOpdst-atop_c'.
  gimp.main(None, None, _query, _run)
C:\Program Files\GIMP 2\lib\gimp\2.0\python/gimpfu.py:868: Warning: Two different plugins tried to register 'GeglOpdst-in_c'.
  gimp.main(None, None, _query, _run)
C:\Program Files\GIMP 2\lib\gimp\2.0\python/gimpfu.py:868: Warning: Two different plugins tried to register 'GeglOpdst-out_c'.
  gimp.main(None, None, _query, _run)
C:\Program Files\GIMP 2\lib\gimp\2.0\python/gimpfu.py:868: Warning: Two different plugins tried to register 'GeglOpdst-over_c'.
  gimp.main(None, None, _query, _run)
C:\Program Files\GIMP 2\lib\gimp\2.0\python/gimpfu.py:868: Warning: Two different plugins tried to register 'GeglOpdst_c'.
  gimp.main(None, None, _query, _run)
C:\Program Files\GIMP 2\lib\gimp\2.0\python/gimpfu.py:868: Warning: Two different plugins tried to register 'GeglOpexclusion_c'.
  gimp.main(None, None, _query, _run)
C:\Program Files\GIMP 2\lib\gimp\2.0\python/gimpfu.py:868: Warning: Two different plugins tried to register 'GeglOpgamma_c'.
  gimp.main(None, None, _query, _run)
C:\Program Files\GIMP 2\lib\gimp\2.0\python/gimpfu.py:868: Warning: Two different plugins tried to register 'GeglOphard-light_c'.
  gimp.main(None, None, _query, _run)
C:\Program Files\GIMP 2\lib\gimp\2.0\python/gimpfu.py:868: Warning: Two different plugins tried to register 'GeglOplighten_c'.
  gimp.main(None, None, _query, _run)
C:\Program Files\GIMP 2\lib\gimp\2.0\python/gimpfu.py:868: Warning: Two different plugins tried to register 'GeglOpmultiply_c'.
  gimp.main(None, None, _query, _run)
C:\Program Files\GIMP 2\lib\gimp\2.0\python/gimpfu.py:868: Warning: Two different plugins tried to register 'GeglOpoverlay_c'.
  gimp.main(None, None, _query, _run)
C:\Program Files\GIMP 2\lib\gimp\2.0\python/gimpfu.py:868: Warning: Two different plugins tried to register 'GeglOpplus_c'.
  gimp.main(None, None, _query, _run)
C:\Program Files\GIMP 2\lib\gimp\2.0\python/gimpfu.py:868: Warning: Two different plugins tried to register 'GeglOpscreen_c'.
  gimp.main(None, None, _query, _run)
C:\Program Files\GIMP 2\lib\gimp\2.0\python/gimpfu.py:868: Warning: Two different plugins tried to register 'GeglOpsoft-light_c'.
  gimp.main(None, None, _query, _run)
C:\Program Files\GIMP 2\lib\gimp\2.0\python/gimpfu.py:868: Warning: Two different plugins tried to register 'GeglOpsrc-atop_c'.
  gimp.main(None, None, _query, _run)
C:\Program Files\GIMP 2\lib\gimp\2.0\python/gimpfu.py:868: Warning: Two different plugins tried to register 'GeglOpsrc-in_c'.
  gimp.main(None, None, _query, _run)
C:\Program Files\GIMP 2\lib\gimp\2.0\python/gimpfu.py:868: Warning: Two different plugins tried to register 'GeglOpsrc-out_c'.
  gimp.main(None, None, _query, _run)
C:\Program Files\GIMP 2\lib\gimp\2.0\python/gimpfu.py:868: Warning: Two different plugins tried to register 'GeglOpsrc_c'.
  gimp.main(None, None, _query, _run)
C:\Program Files\GIMP 2\lib\gimp\2.0\python/gimpfu.py:868: Warning: Two different plugins tried to register 'GeglOpsubtract_c'.
  gimp.main(None, None, _query, _run)
C:\Program Files\GIMP 2\lib\gimp\2.0\python/gimpfu.py:868: Warning: Two different plugins tried to register 'GeglOpxor_c'.
  gimp.main(None, None, _query, _run)
C:\Program Files\GIMP 2\lib\gimp\2.0\python/gimpfu.py:868: Warning: Two different plugins tried to register 'GeglOpcache_c'.
  gimp.main(None, None, _query, _run)
C:\Program Files\GIMP 2\lib\gimp\2.0\python/gimpfu.py:868: Warning: Two different plugins tried to register 'GeglOpcast-format_c'.
  gimp.main(None, None, _query, _run)
C:\Program Files\GIMP 2\lib\gimp\2.0\python/gimpfu.py:868: Warning: Two different plugins tried to register 'GeglOpcast-space_c'.
  gimp.main(None, None, _query, _run)
C:\Program Files\GIMP 2\lib\gimp\2.0\python/gimpfu.py:868: Warning: Two different plugins tried to register 'GeglOpclone_c'.
  gimp.main(None, None, _query, _run)
C:\Program Files\GIMP 2\lib\gimp\2.0\python/gimpfu.py:868: Warning: Two different plugins tried to register 'GeglOpconvert-format_c'.
  gimp.main(None, None, _query, _run)
C:\Program Files\GIMP 2\lib\gimp\2.0\python/gimpfu.py:868: Warning: Two different plugins tried to register 'GeglOpconvert-space_c'.
  gimp.main(None, None, _query, _run)
C:\Program Files\GIMP 2\lib\gimp\2.0\python/gimpfu.py:868: Warning: Two different plugins tried to register 'GeglOpcrop_c'.
  gimp.main(None, None, _query, _run)
C:\Program Files\GIMP 2\lib\gimp\2.0\python/gimpfu.py:868: Warning: Two different plugins tried to register 'GeglOpload_c'.
  gimp.main(None, None, _query, _run)
C:\Program Files\GIMP 2\lib\gimp\2.0\python/gimpfu.py:868: Warning: Two different plugins tried to register 'GeglOpnop_c'.
  gimp.main(None, None, _query, _run)
C:\Program Files\GIMP 2\lib\gimp\2.0\python/gimpfu.py:868: Warning: Two different plugins tried to register 'GeglOpabsolute_c'.
  gimp.main(None, None, _query, _run)
C:\Program Files\GIMP 2\lib\gimp\2.0\python/gimpfu.py:868: Warning: Two different plugins tried to register 'GeglOpalpha-clip_c'.
  gimp.main(None, None, _query, _run)
C:\Program Files\GIMP 2\lib\gimp\2.0\python/gimpfu.py:868: Warning: Two different plugins tried to register 'GeglOpalien-map_c'.
  gimp.main(None, None, _query, _run)
C:\Program Files\GIMP 2\lib\gimp\2.0\python/gimpfu.py:868: Warning: Two different plugins tried to register 'GeglOpbilateral-filter_c'.
  gimp.main(None, None, _query, _run)
C:\Program Files\GIMP 2\lib\gimp\2.0\python/gimpfu.py:868: Warning: Two different plugins tried to register 'GeglOpbloom_c'.
  gimp.main(None, None, _query, _run)
C:\Program Files\GIMP 2\lib\gimp\2.0\python/gimpfu.py:868: Warning: Two different plugins tried to register 'GeglOpbox-blur_c'.
  gimp.main(None, None, _query, _run)
C:\Program Files\GIMP 2\lib\gimp\2.0\python/gimpfu.py:868: Warning: Two different plugins tried to register 'GeglOpbrightness-contrast_c'.
  gimp.main(None, None, _query, _run)
C:\Program Files\GIMP 2\lib\gimp\2.0\python/gimpfu.py:868: Warning: Two different plugins tried to register 'GeglOpbuffer-sink_c'.
  gimp.main(None, None, _query, _run)
C:\Program Files\GIMP 2\lib\gimp\2.0\python/gimpfu.py:868: Warning: Two different plugins tried to register 'GeglOpbuffer-source_c'.
  gimp.main(None, None, _query, _run)
C:\Program Files\GIMP 2\lib\gimp\2.0\python/gimpfu.py:868: Warning: Two different plugins tried to register 'GeglOpc2g_c'.
  gimp.main(None, None, _query, _run)
C:\Program Files\GIMP 2\lib\gimp\2.0\python/gimpfu.py:868: Warning: Two different plugins tried to register 'GeglOpcheckerboard_c'.
  gimp.main(None, None, _query, _run)
C:\Program Files\GIMP 2\lib\gimp\2.0\python/gimpfu.py:868: Warning: Two different plugins tried to register 'GeglOpcolor-assimilation-grid_c'.
  gimp.main(None, None, _query, _run)
C:\Program Files\GIMP 2\lib\gimp\2.0\python/gimpfu.py:868: Warning: Two different plugins tried to register 'GeglOpcolor-enhance_c'.
  gimp.main(None, None, _query, _run)
C:\Program Files\GIMP 2\lib\gimp\2.0\python/gimpfu.py:868: Warning: Two different plugins tried to register 'GeglOpcolor-overlay_c'.
  gimp.main(None, None, _query, _run)
C:\Program Files\GIMP 2\lib\gimp\2.0\python/gimpfu.py:868: Warning: Two different plugins tried to register 'GeglOpcolor-rotate_c'.
  gimp.main(None, None, _query, _run)
C:\Program Files\GIMP 2\lib\gimp\2.0\python/gimpfu.py:868: Warning: Two different plugins tried to register 'GeglOpcolor-temperature_c'.
  gimp.main(None, None, _query, _run)
C:\Program Files\GIMP 2\lib\gimp\2.0\python/gimpfu.py:868: Warning: Two different plugins tried to register 'GeglOpcolor-warp_c'.
  gimp.main(None, None, _query, _run)
C:\Program Files\GIMP 2\lib\gimp\2.0\python/gimpfu.py:868: Warning: Two different plugins tried to register 'GeglOpcolor_c'.
  gimp.main(None, None, _query, _run)
C:\Program Files\GIMP 2\lib\gimp\2.0\python/gimpfu.py:868: Warning: Two different plugins tried to register 'GeglOpcomponent-extract_c'.
  gimp.main(None, None, _query, _run)
C:\Program Files\GIMP 2\lib\gimp\2.0\python/gimpfu.py:868: Warning: Two different plugins tried to register 'GeglOpcontrast-curve_c'.
  gimp.main(None, None, _query, _run)
C:\Program Files\GIMP 2\lib\gimp\2.0\python/gimpfu.py:868: Warning: Two different plugins tried to register 'GeglOpconvolution-matrix_c'.
  gimp.main(None, None, _query, _run)
C:\Program Files\GIMP 2\lib\gimp\2.0\python/gimpfu.py:868: Warning: Two different plugins tried to register 'GeglOpcopy-buffer_c'.
  gimp.main(None, None, _query, _run)
C:\Program Files\GIMP 2\lib\gimp\2.0\python/gimpfu.py:868: Warning: Two different plugins tried to register 'GeglOpdifference-of-gaussians_c'.
  gimp.main(None, None, _query, _run)
C:\Program Files\GIMP 2\lib\gimp\2.0\python/gimpfu.py:868: Warning: Two different plugins tried to register 'GeglOpdisplay_c'.
  gimp.main(None, None, _query, _run)
C:\Program Files\GIMP 2\lib\gimp\2.0\python/gimpfu.py:868: Warning: Two different plugins tried to register 'GeglOpdither_c'.
  gimp.main(None, None, _query, _run)
C:\Program Files\GIMP 2\lib\gimp\2.0\python/gimpfu.py:868: Warning: Two different plugins tried to register 'GeglOpdomain-transform_c'.
  gimp.main(None, None, _query, _run)
C:\Program Files\GIMP 2\lib\gimp\2.0\python/gimpfu.py:868: Warning: Two different plugins tried to register 'GeglOpdropshadow_c'.
  gimp.main(None, None, _query, _run)
C:\Program Files\GIMP 2\lib\gimp\2.0\python/gimpfu.py:868: Warning: Two different plugins tried to register 'GeglOpedge-neon_c'.
  gimp.main(None, None, _query, _run)
C:\Program Files\GIMP 2\lib\gimp\2.0\python/gimpfu.py:868: Warning: Two different plugins tried to register 'GeglOpedge-sobel_c'.
  gimp.main(None, None, _query, _run)
C:\Program Files\GIMP 2\lib\gimp\2.0\python/gimpfu.py:868: Warning: Two different plugins tried to register 'GeglOpexp-combine_c'.
  gimp.main(None, None, _query, _run)
C:\Program Files\GIMP 2\lib\gimp\2.0\python/gimpfu.py:868: Warning: Two different plugins tried to register 'GeglOpexposure_c'.
  gimp.main(None, None, _query, _run)
C:\Program Files\GIMP 2\lib\gimp\2.0\python/gimpfu.py:868: Warning: Two different plugins tried to register 'GeglOpfattal02_c'.
  gimp.main(None, None, _query, _run)
C:\Program Files\GIMP 2\lib\gimp\2.0\python/gimpfu.py:868: Warning: Two different plugins tried to register 'GeglOpgaussian-blur_c'.
  gimp.main(None, None, _query, _run)
C:\Program Files\GIMP 2\lib\gimp\2.0\python/gimpfu.py:868: Warning: Two different plugins tried to register 'GeglOpgblur-1d_c'.
  gimp.main(None, None, _query, _run)
C:\Program Files\GIMP 2\lib\gimp\2.0\python/gimpfu.py:868: Warning: Two different plugins tried to register 'GeglOpgegl-buffer-load-op_c'.
  gimp.main(None, None, _query, _run)
C:\Program Files\GIMP 2\lib\gimp\2.0\python/gimpfu.py:868: Warning: Two different plugins tried to register 'GeglOpgegl-buffer-save-op_c'.
  gimp.main(None, None, _query, _run)
C:\Program Files\GIMP 2\lib\gimp\2.0\python/gimpfu.py:868: Warning: Two different plugins tried to register 'GeglOpgegl_c'.
  gimp.main(None, None, _query, _run)
C:\Program Files\GIMP 2\lib\gimp\2.0\python/gimpfu.py:868: Warning: Two different plugins tried to register 'GeglOpgrey_c'.
  gimp.main(None, None, _query, _run)
C:\Program Files\GIMP 2\lib\gimp\2.0\python/gimpfu.py:868: Warning: Two different plugins tried to register 'GeglOpgrid_c'.
  gimp.main(None, None, _query, _run)
C:\Program Files\GIMP 2\lib\gimp\2.0\python/gimpfu.py:868: Warning: Two different plugins tried to register 'GeglOphigh-pass_c'.
  gimp.main(None, None, _query, _run)
C:\Program Files\GIMP 2\lib\gimp\2.0\python/gimpfu.py:868: Warning: Two different plugins tried to register 'GeglOphue-chroma_c'.
  gimp.main(None, None, _query, _run)
C:\Program Files\GIMP 2\lib\gimp\2.0\python/gimpfu.py:868: Warning: Two different plugins tried to register 'GeglOpicc-load_c'.
  gimp.main(None, None, _query, _run)
C:\Program Files\GIMP 2\lib\gimp\2.0\python/gimpfu.py:868: Warning: Two different plugins tried to register 'GeglOpicc-save_c'.
  gimp.main(None, None, _query, _run)
C:\Program Files\GIMP 2\lib\gimp\2.0\python/gimpfu.py:868: Warning: Two different plugins tried to register 'GeglOpimage-compare_c'.
  gimp.main(None, None, _query, _run)
C:\Program Files\GIMP 2\lib\gimp\2.0\python/gimpfu.py:868: Warning: Two different plugins tried to register 'GeglOpimage-gradient_c'.
  gimp.main(None, None, _query, _run)
C:\Program Files\GIMP 2\lib\gimp\2.0\python/gimpfu.py:868: Warning: Two different plugins tried to register 'GeglOpintrospect_c'.
  gimp.main(None, None, _query, _run)
C:\Program Files\GIMP 2\lib\gimp\2.0\python/gimpfu.py:868: Warning: Two different plugins tried to register 'GeglOpinvert-gamma_c'.
  gimp.main(None, None, _query, _run)
C:\Program Files\GIMP 2\lib\gimp\2.0\python/gimpfu.py:868: Warning: Two different plugins tried to register 'GeglOpinvert-linear_c'.
  gimp.main(None, None, _query, _run)
C:\Program Files\GIMP 2\lib\gimp\2.0\python/gimpfu.py:868: Warning: Two different plugins tried to register 'GeglOplayer_c'.
  gimp.main(None, None, _query, _run)
C:\Program Files\GIMP 2\lib\gimp\2.0\python/gimpfu.py:868: Warning: Two different plugins tried to register 'GeglOplevels_c'.
  gimp.main(None, None, _query, _run)
C:\Program Files\GIMP 2\lib\gimp\2.0\python/gimpfu.py:868: Warning: Two different plugins tried to register 'GeglOplinear-gradient_c'.
  gimp.main(None, None, _query, _run)
C:\Program Files\GIMP 2\lib\gimp\2.0\python/gimpfu.py:868: Warning: Two different plugins tried to register 'GeglOplittle-planet_c'.
  gimp.main(None, None, _query, _run)
C:\Program Files\GIMP 2\lib\gimp\2.0\python/gimpfu.py:868: Warning: Two different plugins tried to register 'GeglOplocal-threshold_c'.
  gimp.main(None, None, _query, _run)
C:\Program Files\GIMP 2\lib\gimp\2.0\python/gimpfu.py:868: Warning: Two different plugins tried to register 'GeglOplong-shadow_c'.
  gimp.main(None, None, _query, _run)
C:\Program Files\GIMP 2\lib\gimp\2.0\python/gimpfu.py:868: Warning: Two different plugins tried to register 'GeglOpmagick-load_c'.
  gimp.main(None, None, _query, _run)
C:\Program Files\GIMP 2\lib\gimp\2.0\python/gimpfu.py:868: Warning: Two different plugins tried to register 'GeglOpmantiuk06_c'.
  gimp.main(None, None, _query, _run)
C:\Program Files\GIMP 2\lib\gimp\2.0\python/gimpfu.py:868: Warning: Two different plugins tried to register 'GeglOpmap-absolute_c'.
  gimp.main(None, None, _query, _run)
C:\Program Files\GIMP 2\lib\gimp\2.0\python/gimpfu.py:868: Warning: Two different plugins tried to register 'GeglOpmap-relative_c'.
  gimp.main(None, None, _query, _run)
C:\Program Files\GIMP 2\lib\gimp\2.0\python/gimpfu.py:868: Warning: Two different plugins tried to register 'GeglOpmatting-global_c'.
  gimp.main(None, None, _query, _run)
C:\Program Files\GIMP 2\lib\gimp\2.0\python/gimpfu.py:868: Warning: Two different plugins tried to register 'GeglOpmblur_c'.
  gimp.main(None, None, _query, _run)
C:\Program Files\GIMP 2\lib\gimp\2.0\python/gimpfu.py:868: Warning: Two different plugins tried to register 'GeglOpmean-curvature-blur_c'.
  gimp.main(None, None, _query, _run)
C:\Program Files\GIMP 2\lib\gimp\2.0\python/gimpfu.py:868: Warning: Two different plugins tried to register 'GeglOpmedian-blur_c'.
  gimp.main(None, None, _query, _run)
C:\Program Files\GIMP 2\lib\gimp\2.0\python/gimpfu.py:868: Warning: Two different plugins tried to register 'GeglOpmirrors_c'.
  gimp.main(None, None, _query, _run)
C:\Program Files\GIMP 2\lib\gimp\2.0\python/gimpfu.py:868: Warning: Two different plugins tried to register 'GeglOpmix_c'.
  gimp.main(None, None, _query, _run)
C:\Program Files\GIMP 2\lib\gimp\2.0\python/gimpfu.py:868: Warning: Two different plugins tried to register 'GeglOpmono-mixer_c'.
  gimp.main(None, None, _query, _run)
C:\Program Files\GIMP 2\lib\gimp\2.0\python/gimpfu.py:868: Warning: Two different plugins tried to register 'GeglOpmotion-blur-linear_c'.
  gimp.main(None, None, _query, _run)
C:\Program Files\GIMP 2\lib\gimp\2.0\python/gimpfu.py:868: Warning: Two different plugins tried to register 'GeglOpnegative-darkroom_c'.
  gimp.main(None, None, _query, _run)
C:\Program Files\GIMP 2\lib\gimp\2.0\python/gimpfu.py:868: Warning: Two different plugins tried to register 'GeglOpnewsprint_c'.
  gimp.main(None, None, _query, _run)
C:\Program Files\GIMP 2\lib\gimp\2.0\python/gimpfu.py:868: Warning: Two different plugins tried to register 'GeglOpnoise-cell_c'.
  gimp.main(None, None, _query, _run)
C:\Program Files\GIMP 2\lib\gimp\2.0\python/gimpfu.py:868: Warning: Two different plugins tried to register 'GeglOpnoise-cie-lch_c'.
  gimp.main(None, None, _query, _run)
C:\Program Files\GIMP 2\lib\gimp\2.0\python/gimpfu.py:868: Warning: Two different plugins tried to register 'GeglOpnoise-hsv_c'.
  gimp.main(None, None, _query, _run)
C:\Program Files\GIMP 2\lib\gimp\2.0\python/gimpfu.py:868: Warning: Two different plugins tried to register 'GeglOpnoise-hurl_c'.
  gimp.main(None, None, _query, _run)
C:\Program Files\GIMP 2\lib\gimp\2.0\python/gimpfu.py:868: Warning: Two different plugins tried to register 'GeglOpnoise-perlin_c'.
  gimp.main(None, None, _query, _run)
C:\Program Files\GIMP 2\lib\gimp\2.0\python/gimpfu.py:868: Warning: Two different plugins tried to register 'GeglOpnoise-pick_c'.
  gimp.main(None, None, _query, _run)
C:\Program Files\GIMP 2\lib\gimp\2.0\python/gimpfu.py:868: Warning: Two different plugins tried to register 'GeglOpnoise-reduction_c'.
  gimp.main(None, None, _query, _run)
C:\Program Files\GIMP 2\lib\gimp\2.0\python/gimpfu.py:868: Warning: Two different plugins tried to register 'GeglOpnoise-rgb_c'.
  gimp.main(None, None, _query, _run)
C:\Program Files\GIMP 2\lib\gimp\2.0\python/gimpfu.py:868: Warning: Two different plugins tried to register 'GeglOpnoise-simplex_c'.
  gimp.main(None, None, _query, _run)
C:\Program Files\GIMP 2\lib\gimp\2.0\python/gimpfu.py:868: Warning: Two different plugins tried to register 'GeglOpnoise-spread_c'.
  gimp.main(None, None, _query, _run)
C:\Program Files\GIMP 2\lib\gimp\2.0\python/gimpfu.py:868: Warning: Two different plugins tried to register 'GeglOpnormal-map_c'.
  gimp.main(None, None, _query, _run)
C:\Program Files\GIMP 2\lib\gimp\2.0\python/gimpfu.py:868: Warning: Two different plugins tried to register 'GeglOpopacity_c'.
  gimp.main(None, None, _query, _run)
C:\Program Files\GIMP 2\lib\gimp\2.0\python/gimpfu.py:868: Warning: Two different plugins tried to register 'GeglOpopen-buffer_c'.
  gimp.main(None, None, _query, _run)
C:\Program Files\GIMP 2\lib\gimp\2.0\python/gimpfu.py:868: Warning: Two different plugins tried to register 'GeglOpover_c'.
  gimp.main(None, None, _query, _run)
C:\Program Files\GIMP 2\lib\gimp\2.0\python/gimpfu.py:868: Warning: Two different plugins tried to register 'GeglOppack_c'.
  gimp.main(None, None, _query, _run)
C:\Program Files\GIMP 2\lib\gimp\2.0\python/gimpfu.py:868: Warning: Two different plugins tried to register 'GeglOppanorama-projection_c'.
  gimp.main(None, None, _query, _run)
C:\Program Files\GIMP 2\lib\gimp\2.0\python/gimpfu.py:868: Warning: Two different plugins tried to register 'GeglOppixelize_c'.
  gimp.main(None, None, _query, _run)
C:\Program Files\GIMP 2\lib\gimp\2.0\python/gimpfu.py:868: Warning: Two different plugins tried to register 'GeglOpposterize_c'.
  gimp.main(None, None, _query, _run)
C:\Program Files\GIMP 2\lib\gimp\2.0\python/gimpfu.py:868: Warning: Two different plugins tried to register 'GeglOpradial-gradient_c'.
  gimp.main(None, None, _query, _run)
C:\Program Files\GIMP 2\lib\gimp\2.0\python/gimpfu.py:868: Warning: Two different plugins tried to register 'GeglOprectangle_c'.
  gimp.main(None, None, _query, _run)
C:\Program Files\GIMP 2\lib\gimp\2.0\python/gimpfu.py:868: Warning: Two different plugins tried to register 'GeglOprecursive-transform_c'.
  gimp.main(None, None, _query, _run)
C:\Program Files\GIMP 2\lib\gimp\2.0\python/gimpfu.py:868: Warning: Two different plugins tried to register 'GeglOpreinhard05_c'.
  gimp.main(None, None, _query, _run)
C:\Program Files\GIMP 2\lib\gimp\2.0\python/gimpfu.py:868: Warning: Two different plugins tried to register 'GeglOpremap_c'.
  gimp.main(None, None, _query, _run)
C:\Program Files\GIMP 2\lib\gimp\2.0\python/gimpfu.py:868: Warning: Two different plugins tried to register 'GeglOprgb-clip_c'.
  gimp.main(None, None, _query, _run)
C:\Program Files\GIMP 2\lib\gimp\2.0\python/gimpfu.py:868: Warning: Two different plugins tried to register 'GeglOpsaturation_c'.
  gimp.main(None, None, _query, _run)
C:\Program Files\GIMP 2\lib\gimp\2.0\python/gimpfu.py:868: Warning: Two different plugins tried to register 'GeglOpsave_c'.
  gimp.main(None, None, _query, _run)
C:\Program Files\GIMP 2\lib\gimp\2.0\python/gimpfu.py:868: Warning: Two different plugins tried to register 'GeglOpsepia_c'.
  gimp.main(None, None, _query, _run)
C:\Program Files\GIMP 2\lib\gimp\2.0\python/gimpfu.py:868: Warning: Two different plugins tried to register 'GeglOpslic_c'.
  gimp.main(None, None, _query, _run)
C:\Program Files\GIMP 2\lib\gimp\2.0\python/gimpfu.py:868: Warning: Two different plugins tried to register 'GeglOpsnn-mean_c'.
  gimp.main(None, None, _query, _run)
C:\Program Files\GIMP 2\lib\gimp\2.0\python/gimpfu.py:868: Warning: Two different plugins tried to register 'GeglOpspherize_c'.
  gimp.main(None, None, _query, _run)
C:\Program Files\GIMP 2\lib\gimp\2.0\python/gimpfu.py:868: Warning: Two different plugins tried to register 'GeglOpstress_c'.
  gimp.main(None, None, _query, _run)
C:\Program Files\GIMP 2\lib\gimp\2.0\python/gimpfu.py:868: Warning: Two different plugins tried to register 'GeglOpstretch-contrast-hsv_c'.
  gimp.main(None, None, _query, _run)
C:\Program Files\GIMP 2\lib\gimp\2.0\python/gimpfu.py:868: Warning: Two different plugins tried to register 'GeglOpstretch-contrast_c'.
  gimp.main(None, None, _query, _run)
C:\Program Files\GIMP 2\lib\gimp\2.0\python/gimpfu.py:868: Warning: Two different plugins tried to register 'GeglOpsvg-huerotate_c'.
  gimp.main(None, None, _query, _run)
C:\Program Files\GIMP 2\lib\gimp\2.0\python/gimpfu.py:868: Warning: Two different plugins tried to register 'GeglOpsvg-luminancetoalpha_c'.
  gimp.main(None, None, _query, _run)
C:\Program Files\GIMP 2\lib\gimp\2.0\python/gimpfu.py:868: Warning: Two different plugins tried to register 'GeglOpsvg-matrix_c'.
  gimp.main(None, None, _query, _run)
C:\Program Files\GIMP 2\lib\gimp\2.0\python/gimpfu.py:868: Warning: Two different plugins tried to register 'GeglOpsvg-saturate_c'.
  gimp.main(None, None, _query, _run)
C:\Program Files\GIMP 2\lib\gimp\2.0\python/gimpfu.py:868: Warning: Two different plugins tried to register 'GeglOpthreshold_c'.
  gimp.main(None, None, _query, _run)
C:\Program Files\GIMP 2\lib\gimp\2.0\python/gimpfu.py:868: Warning: Two different plugins tried to register 'GeglOptile-seamless_c'.
  gimp.main(None, None, _query, _run)
C:\Program Files\GIMP 2\lib\gimp\2.0\python/gimpfu.py:868: Warning: Two different plugins tried to register 'GeglOptile_c'.
  gimp.main(None, None, _query, _run)
C:\Program Files\GIMP 2\lib\gimp\2.0\python/gimpfu.py:868: Warning: Two different plugins tried to register 'GeglOpunpremultiply_c'.
  gimp.main(None, None, _query, _run)
C:\Program Files\GIMP 2\lib\gimp\2.0\python/gimpfu.py:868: Warning: Two different plugins tried to register 'GeglOpunsharp-mask_c'.
  gimp.main(None, None, _query, _run)
C:\Program Files\GIMP 2\lib\gimp\2.0\python/gimpfu.py:868: Warning: Two different plugins tried to register 'GeglOpvalue-invert_c'.
  gimp.main(None, None, _query, _run)
C:\Program Files\GIMP 2\lib\gimp\2.0\python/gimpfu.py:868: Warning: Two different plugins tried to register 'GeglOpvignette_c'.
  gimp.main(None, None, _query, _run)
C:\Program Files\GIMP 2\lib\gimp\2.0\python/gimpfu.py:868: Warning: Two different plugins tried to register 'GeglOpwaterpixels_c'.
  gimp.main(None, None, _query, _run)
C:\Program Files\GIMP 2\lib\gimp\2.0\python/gimpfu.py:868: Warning: Two different plugins tried to register 'GeglOpwatershed-transform_c'.
  gimp.main(None, None, _query, _run)
C:\Program Files\GIMP 2\lib\gimp\2.0\python/gimpfu.py:868: Warning: Two different plugins tried to register 'GeglOpwavelet-blur-1d_c'.
  gimp.main(None, None, _query, _run)
C:\Program Files\GIMP 2\lib\gimp\2.0\python/gimpfu.py:868: Warning: Two different plugins tried to register 'GeglOpwavelet-blur_c'.
  gimp.main(None, None, _query, _run)
C:\Program Files\GIMP 2\lib\gimp\2.0\python/gimpfu.py:868: Warning: Two different plugins tried to register 'GeglOpweighted-blend_c'.
  gimp.main(None, None, _query, _run)
C:\Program Files\GIMP 2\lib\gimp\2.0\python/gimpfu.py:868: Warning: Two different plugins tried to register 'GeglOpwrite-buffer_c'.
  gimp.main(None, None, _query, _run)
C:\Program Files\GIMP 2\lib\gimp\2.0\python/gimpfu.py:868: Warning: Two different plugins tried to register 'GeglOpdenoise-dct_cc'.
  gimp.main(None, None, _query, _run)
C:\Program Files\GIMP 2\lib\gimp\2.0\python/gimpfu.py:868: Warning: Two different plugins tried to register 'GeglOpdistance-transform_cc'.
  gimp.main(None, None, _query, _run)
C:\Program Files\GIMP 2\lib\gimp\2.0\python/gimpfu.py:868: Warning: Two different plugins tried to register 'GeglOpfocus-blur_c'.
  gimp.main(None, None, _query, _run)
C:\Program Files\GIMP 2\lib\gimp\2.0\python/gimpfu.py:868: Warning: Two different plugins tried to register 'GeglOplens-blur_cc'.
  gimp.main(None, None, _query, _run)
C:\Program Files\GIMP 2\lib\gimp\2.0\python/gimpfu.py:868: Warning: Two different plugins tried to register 'GeglOppiecewise-blend_cc'.
  gimp.main(None, None, _query, _run)
C:\Program Files\GIMP 2\lib\gimp\2.0\python/gimpfu.py:868: Warning: Two different plugins tried to register 'GeglOpvariable-blur_c'.
  gimp.main(None, None, _query, _run)
C:\Program Files\GIMP 2\lib\gimp\2.0\python/gimpfu.py:868: Warning: Two different plugins tried to register 'GeglOpwarp_cc'.
  gimp.main(None, None, _query, _run)
C:\Program Files\GIMP 2\lib\gimp\2.0\python/gimpfu.py:868: Warning: Two different plugins tried to register 'GeglOpexr-save_cc'.
  gimp.main(None, None, _query, _run)
C:\Program Files\GIMP 2\lib\gimp\2.0\python/gimpfu.py:868: Warning: Two different plugins tried to register 'GeglOpexr-load_cpp'.
  gimp.main(None, None, _query, _run)
WARNING:root:PRISM FUNCTIONS:  Checking Server
WARNING:root:PRISM FUNCTIONS:  Server is already running
C:\Program Files\GIMP 2\lib\gimp\2.0\python/gimpfu.py:868: Warning: Two different plugins tried to register 'GeglOpwebp-save_c'.
  gimp.main(None, None, _query, _run)
C:\Program Files\GIMP 2\lib\gimp\2.0\python/gimpfu.py:868: Warning: Two different plugins tried to register 'GeglOpwebp-load_c'.
  gimp.main(None, None, _query, _run)
C:\Program Files\GIMP 2\lib\gimp\2.0\python/gimpfu.py:868: Warning: Two different plugins tried to register 'GeglOpvector-stroke_c'.
  gimp.main(None, None, _query, _run)
C:\Program Files\GIMP 2\lib\gimp\2.0\python/gimpfu.py:868: Warning: Two different plugins tried to register 'GeglOpvector-fill_c'.
  gimp.main(None, None, _query, _run)
C:\Program Files\GIMP 2\lib\gimp\2.0\python/gimpfu.py:868: Warning: Two different plugins tried to register 'GeglOpPlugIn-transform-core'.
  gimp.main(None, None, _query, _run)
C:\Program Files\GIMP 2\lib\gimp\2.0\python/gimpfu.py:868: Warning: Two different plugins tried to register 'GeglOpborder-align_c'.
  gimp.main(None, None, _query, _run)
C:\Program Files\GIMP 2\lib\gimp\2.0\python/gimpfu.py:868: Warning: Two different plugins tried to register 'GeglOpPlugIn-scale-core'.
  gimp.main(None, None, _query, _run)
C:\Program Files\GIMP 2\lib\gimp\2.0\python/gimpfu.py:868: Warning: Two different plugins tried to register 'GeglOpscale-ratio_c'.
  gimp.main(None, None, _query, _run)
C:\Program Files\GIMP 2\lib\gimp\2.0\python/gimpfu.py:868: Warning: Two different plugins tried to register 'GeglOpscale-size_c'.
  gimp.main(None, None, _query, _run)
C:\Program Files\GIMP 2\lib\gimp\2.0\python/gimpfu.py:868: Warning: Two different plugins tried to register 'GeglOpscale-size-keepaspect_c'.
  gimp.main(None, None, _query, _run)
C:\Program Files\GIMP 2\lib\gimp\2.0\python/gimpfu.py:868: Warning: Two different plugins tried to register 'GeglOprotate_c'.
  gimp.main(None, None, _query, _run)
C:\Program Files\GIMP 2\lib\gimp\2.0\python/gimpfu.py:868: Warning: Two different plugins tried to register 'GeglOpreflect_c'.
  gimp.main(None, None, _query, _run)
C:\Program Files\GIMP 2\lib\gimp\2.0\python/gimpfu.py:868: Warning: Two different plugins tried to register 'GeglOpshear_c'.
  gimp.main(None, None, _query, _run)
C:\Program Files\GIMP 2\lib\gimp\2.0\python/gimpfu.py:868: Warning: Two different plugins tried to register 'GeglOptranslate_c'.
  gimp.main(None, None, _query, _run)
C:\Program Files\GIMP 2\lib\gimp\2.0\python/gimpfu.py:868: Warning: Two different plugins tried to register 'GeglOptransform_c'.
  gimp.main(None, None, _query, _run)
C:\Program Files\GIMP 2\lib\gimp\2.0\python/gimpfu.py:868: Warning: Two different plugins tried to register 'GeglOpreset-origin_c'.
  gimp.main(None, None, _query, _run)
C:\Program Files\GIMP 2\lib\gimp\2.0\python/gimpfu.py:868: Warning: Two different plugins tried to register 'GeglOprotate-on-center_c'.
  gimp.main(None, None, _query, _run)
C:\Program Files\GIMP 2\lib\gimp\2.0\python/gimpfu.py:868: Warning: Two different plugins tried to register 'GeglOptiff-save_c'.
  gimp.main(None, None, _query, _run)
C:\Program Files\GIMP 2\lib\gimp\2.0\python/gimpfu.py:868: Warning: Two different plugins tried to register 'GeglOptiff-load_c'.
  gimp.main(None, None, _query, _run)
C:\Program Files\GIMP 2\lib\gimp\2.0\python/gimpfu.py:868: Warning: Two different plugins tried to register 'GeglOptext_c'.
  gimp.main(None, None, _query, _run)
C:\Program Files\GIMP 2\lib\gimp\2.0\python/gimpfu.py:868: Warning: Two different plugins tried to register 'GeglOpsvg-load_c'.
  gimp.main(None, None, _query, _run)
C:\Program Files\GIMP 2\lib\gimp\2.0\python/gimpfu.py:868: Warning: Two different plugins tried to register 'GeglOpseamless-clone_c'.
  gimp.main(None, None, _query, _run)
C:\Program Files\GIMP 2\lib\gimp\2.0\python/gimpfu.py:868: Warning: Two different plugins tried to register 'GeglOpseamless-clone-compose_c'.
  gimp.main(None, None, _query, _run)
C:\Program Files\GIMP 2\lib\gimp\2.0\python/gimpfu.py:868: Warning: Two different plugins tried to register 'GeglOpsdl2-display_c'.
  gimp.main(None, None, _query, _run)
C:\Program Files\GIMP 2\lib\gimp\2.0\python/gimpfu.py:868: Warning: Two different plugins tried to register 'GeglOprgbe-save_c'.
  gimp.main(None, None, _query, _run)
C:\Program Files\GIMP 2\lib\gimp\2.0\python/gimpfu.py:868: Warning: Two different plugins tried to register 'GeglOprgbe-load_c'.
  gimp.main(None, None, _query, _run)
C:\Program Files\GIMP 2\lib\gimp\2.0\python/gimpfu.py:868: Warning: Two different plugins tried to register 'GeglOpraw-load_c'.
  gimp.main(None, None, _query, _run)
C:\Program Files\GIMP 2\lib\gimp\2.0\python/gimpfu.py:868: Warning: Two different plugins tried to register 'GeglOpppm-save_c'.
  gimp.main(None, None, _query, _run)
C:\Program Files\GIMP 2\lib\gimp\2.0\python/gimpfu.py:868: Warning: Two different plugins tried to register 'GeglOpppm-load_c'.
  gimp.main(None, None, _query, _run)
C:\Program Files\GIMP 2\lib\gimp\2.0\python/gimpfu.py:868: Warning: Two different plugins tried to register 'GeglOppng-save_c'.
  gimp.main(None, None, _query, _run)
C:\Program Files\GIMP 2\lib\gimp\2.0\python/gimpfu.py:868: Warning: Two different plugins tried to register 'GeglOppng-load_c'.
  gimp.main(None, None, _query, _run)
C:\Program Files\GIMP 2\lib\gimp\2.0\python/gimpfu.py:868: Warning: Two different plugins tried to register 'GeglOpsave-pixbuf_c'.
  gimp.main(None, None, _query, _run)
C:\Program Files\GIMP 2\lib\gimp\2.0\python/gimpfu.py:868: Warning: Two different plugins tried to register 'GeglOppixbuf_c'.
  gimp.main(None, None, _query, _run)
C:\Program Files\GIMP 2\lib\gimp\2.0\python/gimpfu.py:868: Warning: Two different plugins tried to register 'GeglOppdf-load_c'.
  gimp.main(None, None, _query, _run)
C:\Program Files\GIMP 2\lib\gimp\2.0\python/gimpfu.py:868: Warning: Two different plugins tried to register 'GeglOppath_c'.
  gimp.main(None, None, _query, _run)
C:\Program Files\GIMP 2\lib\gimp\2.0\python/gimpfu.py:868: Warning: Two different plugins tried to register 'GeglOpnpy-save_c'.
  gimp.main(None, None, _query, _run)
C:\Program Files\GIMP 2\lib\gimp\2.0\python/gimpfu.py:868: Warning: Two different plugins tried to register 'GeglOpnpd_c'.
  gimp.main(None, None, _query, _run)
C:\Program Files\GIMP 2\lib\gimp\2.0\python/gimpfu.py:868: Warning: Two different plugins tried to register 'GeglOpmatting-levin_c'.
  gimp.main(None, None, _query, _run)
C:\Program Files\GIMP 2\lib\gimp\2.0\python/gimpfu.py:868: Warning: Two different plugins tried to register 'GeglOplcms-from-profile_c'.
  gimp.main(None, None, _query, _run)
C:\Program Files\GIMP 2\lib\gimp\2.0\python/gimpfu.py:868: Warning: Two different plugins tried to register 'GeglOpjpg-save_c'.
  gimp.main(None, None, _query, _run)
C:\Program Files\GIMP 2\lib\gimp\2.0\python/gimpfu.py:868: Warning: Two different plugins tried to register 'GeglOpjpg-load_c'.
  gimp.main(None, None, _query, _run)
C:\Program Files\GIMP 2\lib\gimp\2.0\python/gimpfu.py:868: Warning: Two different plugins tried to register 'GeglOpjp2-load_c'.
  gimp.main(None, None, _query, _run)
C:\Program Files\GIMP 2\lib\gimp\2.0\python/gimpfu.py:868: Warning: Two different plugins tried to register 'GeglOpgif-load_c'.
  gimp.main(None, None, _query, _run)
C:\Program Files\GIMP 2\lib\gimp\2.0\python/gimpfu.py:868: Warning: Two different plugins tried to register 'GeglOpadd_c'.
  gimp.main(None, None, _query, _run)
C:\Program Files\GIMP 2\lib\gimp\2.0\python/gimpfu.py:868: Warning: Two different plugins tried to register 'GeglOpclear_c'.
  gimp.main(None, None, _query, _run)
C:\Program Files\GIMP 2\lib\gimp\2.0\python/gimpfu.py:868: Warning: Two different plugins tried to register 'GeglOpcolor-burn_c'.
  gimp.main(None, None, _query, _run)
C:\Program Files\GIMP 2\lib\gimp\2.0\python/gimpfu.py:868: Warning: Two different plugins tried to register 'GeglOpcolor-dodge_c'.
  gimp.main(None, None, _query, _run)
C:\Program Files\GIMP 2\lib\gimp\2.0\python/gimpfu.py:868: Warning: Two different plugins tried to register 'GeglOpdarken_c'.
  gimp.main(None, None, _query, _run)
C:\Program Files\GIMP 2\lib\gimp\2.0\python/gimpfu.py:868: Warning: Two different plugins tried to register 'GeglOpdifference_c'.
  gimp.main(None, None, _query, _run)
C:\Program Files\GIMP 2\lib\gimp\2.0\python/gimpfu.py:868: Warning: Two different plugins tried to register 'GeglOpdivide_c'.
  gimp.main(None, None, _query, _run)
C:\Program Files\GIMP 2\lib\gimp\2.0\python/gimpfu.py:868: Warning: Two different plugins tried to register 'GeglOpdst-atop_c'.
  gimp.main(None, None, _query, _run)
C:\Program Files\GIMP 2\lib\gimp\2.0\python/gimpfu.py:868: Warning: Two different plugins tried to register 'GeglOpdst-in_c'.
  gimp.main(None, None, _query, _run)
C:\Program Files\GIMP 2\lib\gimp\2.0\python/gimpfu.py:868: Warning: Two different plugins tried to register 'GeglOpdst-out_c'.
  gimp.main(None, None, _query, _run)
C:\Program Files\GIMP 2\lib\gimp\2.0\python/gimpfu.py:868: Warning: Two different plugins tried to register 'GeglOpdst-over_c'.
  gimp.main(None, None, _query, _run)
C:\Program Files\GIMP 2\lib\gimp\2.0\python/gimpfu.py:868: Warning: Two different plugins tried to register 'GeglOpdst_c'.
  gimp.main(None, None, _query, _run)
C:\Program Files\GIMP 2\lib\gimp\2.0\python/gimpfu.py:868: Warning: Two different plugins tried to register 'GeglOpexclusion_c'.
  gimp.main(None, None, _query, _run)
C:\Program Files\GIMP 2\lib\gimp\2.0\python/gimpfu.py:868: Warning: Two different plugins tried to register 'GeglOpgamma_c'.
  gimp.main(None, None, _query, _run)
C:\Program Files\GIMP 2\lib\gimp\2.0\python/gimpfu.py:868: Warning: Two different plugins tried to register 'GeglOphard-light_c'.
  gimp.main(None, None, _query, _run)
C:\Program Files\GIMP 2\lib\gimp\2.0\python/gimpfu.py:868: Warning: Two different plugins tried to register 'GeglOplighten_c'.
  gimp.main(None, None, _query, _run)
C:\Program Files\GIMP 2\lib\gimp\2.0\python/gimpfu.py:868: Warning: Two different plugins tried to register 'GeglOpmultiply_c'.
  gimp.main(None, None, _query, _run)
C:\Program Files\GIMP 2\lib\gimp\2.0\python/gimpfu.py:868: Warning: Two different plugins tried to register 'GeglOpoverlay_c'.
  gimp.main(None, None, _query, _run)
C:\Program Files\GIMP 2\lib\gimp\2.0\python/gimpfu.py:868: Warning: Two different plugins tried to register 'GeglOpplus_c'.
  gimp.main(None, None, _query, _run)
C:\Program Files\GIMP 2\lib\gimp\2.0\python/gimpfu.py:868: Warning: Two different plugins tried to register 'GeglOpscreen_c'.
  gimp.main(None, None, _query, _run)
C:\Program Files\GIMP 2\lib\gimp\2.0\python/gimpfu.py:868: Warning: Two different plugins tried to register 'GeglOpsoft-light_c'.
  gimp.main(None, None, _query, _run)
C:\Program Files\GIMP 2\lib\gimp\2.0\python/gimpfu.py:868: Warning: Two different plugins tried to register 'GeglOpsrc-atop_c'.
  gimp.main(None, None, _query, _run)
C:\Program Files\GIMP 2\lib\gimp\2.0\python/gimpfu.py:868: Warning: Two different plugins tried to register 'GeglOpsrc-in_c'.
  gimp.main(None, None, _query, _run)
C:\Program Files\GIMP 2\lib\gimp\2.0\python/gimpfu.py:868: Warning: Two different plugins tried to register 'GeglOpsrc-out_c'.
  gimp.main(None, None, _query, _run)
C:\Program Files\GIMP 2\lib\gimp\2.0\python/gimpfu.py:868: Warning: Two different plugins tried to register 'GeglOpsrc_c'.
  gimp.main(None, None, _query, _run)
C:\Program Files\GIMP 2\lib\gimp\2.0\python/gimpfu.py:868: Warning: Two different plugins tried to register 'GeglOpsubtract_c'.
  gimp.main(None, None, _query, _run)
C:\Program Files\GIMP 2\lib\gimp\2.0\python/gimpfu.py:868: Warning: Two different plugins tried to register 'GeglOpxor_c'.
  gimp.main(None, None, _query, _run)
C:\Program Files\GIMP 2\lib\gimp\2.0\python/gimpfu.py:868: Warning: Two different plugins tried to register 'GeglOpcache_c'.
  gimp.main(None, None, _query, _run)
C:\Program Files\GIMP 2\lib\gimp\2.0\python/gimpfu.py:868: Warning: Two different plugins tried to register 'GeglOpcast-format_c'.
  gimp.main(None, None, _query, _run)
C:\Program Files\GIMP 2\lib\gimp\2.0\python/gimpfu.py:868: Warning: Two different plugins tried to register 'GeglOpcast-space_c'.
  gimp.main(None, None, _query, _run)
C:\Program Files\GIMP 2\lib\gimp\2.0\python/gimpfu.py:868: Warning: Two different plugins tried to register 'GeglOpclone_c'.
  gimp.main(None, None, _query, _run)
C:\Program Files\GIMP 2\lib\gimp\2.0\python/gimpfu.py:868: Warning: Two different plugins tried to register 'GeglOpconvert-format_c'.
  gimp.main(None, None, _query, _run)
C:\Program Files\GIMP 2\lib\gimp\2.0\python/gimpfu.py:868: Warning: Two different plugins tried to register 'GeglOpconvert-space_c'.
  gimp.main(None, None, _query, _run)
C:\Program Files\GIMP 2\lib\gimp\2.0\python/gimpfu.py:868: Warning: Two different plugins tried to register 'GeglOpcrop_c'.
  gimp.main(None, None, _query, _run)
C:\Program Files\GIMP 2\lib\gimp\2.0\python/gimpfu.py:868: Warning: Two different plugins tried to register 'GeglOpload_c'.
  gimp.main(None, None, _query, _run)
C:\Program Files\GIMP 2\lib\gimp\2.0\python/gimpfu.py:868: Warning: Two different plugins tried to register 'GeglOpnop_c'.
  gimp.main(None, None, _query, _run)
C:\Program Files\GIMP 2\lib\gimp\2.0\python/gimpfu.py:868: Warning: Two different plugins tried to register 'GeglOpabsolute_c'.
  gimp.main(None, None, _query, _run)
C:\Program Files\GIMP 2\lib\gimp\2.0\python/gimpfu.py:868: Warning: Two different plugins tried to register 'GeglOpalpha-clip_c'.
  gimp.main(None, None, _query, _run)
C:\Program Files\GIMP 2\lib\gimp\2.0\python/gimpfu.py:868: Warning: Two different plugins tried to register 'GeglOpalien-map_c'.
  gimp.main(None, None, _query, _run)
C:\Program Files\GIMP 2\lib\gimp\2.0\python/gimpfu.py:868: Warning: Two different plugins tried to register 'GeglOpbilateral-filter_c'.
  gimp.main(None, None, _query, _run)
C:\Program Files\GIMP 2\lib\gimp\2.0\python/gimpfu.py:868: Warning: Two different plugins tried to register 'GeglOpbloom_c'.
  gimp.main(None, None, _query, _run)
C:\Program Files\GIMP 2\lib\gimp\2.0\python/gimpfu.py:868: Warning: Two different plugins tried to register 'GeglOpbox-blur_c'.
  gimp.main(None, None, _query, _run)
C:\Program Files\GIMP 2\lib\gimp\2.0\python/gimpfu.py:868: Warning: Two different plugins tried to register 'GeglOpbrightness-contrast_c'.
  gimp.main(None, None, _query, _run)
C:\Program Files\GIMP 2\lib\gimp\2.0\python/gimpfu.py:868: Warning: Two different plugins tried to register 'GeglOpbuffer-sink_c'.
  gimp.main(None, None, _query, _run)
C:\Program Files\GIMP 2\lib\gimp\2.0\python/gimpfu.py:868: Warning: Two different plugins tried to register 'GeglOpbuffer-source_c'.
  gimp.main(None, None, _query, _run)
C:\Program Files\GIMP 2\lib\gimp\2.0\python/gimpfu.py:868: Warning: Two different plugins tried to register 'GeglOpc2g_c'.
  gimp.main(None, None, _query, _run)
C:\Program Files\GIMP 2\lib\gimp\2.0\python/gimpfu.py:868: Warning: Two different plugins tried to register 'GeglOpcheckerboard_c'.
  gimp.main(None, None, _query, _run)
C:\Program Files\GIMP 2\lib\gimp\2.0\python/gimpfu.py:868: Warning: Two different plugins tried to register 'GeglOpcolor-assimilation-grid_c'.
  gimp.main(None, None, _query, _run)
C:\Program Files\GIMP 2\lib\gimp\2.0\python/gimpfu.py:868: Warning: Two different plugins tried to register 'GeglOpcolor-enhance_c'.
  gimp.main(None, None, _query, _run)
C:\Program Files\GIMP 2\lib\gimp\2.0\python/gimpfu.py:868: Warning: Two different plugins tried to register 'GeglOpcolor-overlay_c'.
  gimp.main(None, None, _query, _run)
C:\Program Files\GIMP 2\lib\gimp\2.0\python/gimpfu.py:868: Warning: Two different plugins tried to register 'GeglOpcolor-rotate_c'.
  gimp.main(None, None, _query, _run)
C:\Program Files\GIMP 2\lib\gimp\2.0\python/gimpfu.py:868: Warning: Two different plugins tried to register 'GeglOpcolor-temperature_c'.
  gimp.main(None, None, _query, _run)
C:\Program Files\GIMP 2\lib\gimp\2.0\python/gimpfu.py:868: Warning: Two different plugins tried to register 'GeglOpcolor-warp_c'.
  gimp.main(None, None, _query, _run)
C:\Program Files\GIMP 2\lib\gimp\2.0\python/gimpfu.py:868: Warning: Two different plugins tried to register 'GeglOpcolor_c'.
  gimp.main(None, None, _query, _run)
C:\Program Files\GIMP 2\lib\gimp\2.0\python/gimpfu.py:868: Warning: Two different plugins tried to register 'GeglOpcomponent-extract_c'.
  gimp.main(None, None, _query, _run)
C:\Program Files\GIMP 2\lib\gimp\2.0\python/gimpfu.py:868: Warning: Two different plugins tried to register 'GeglOpcontrast-curve_c'.
  gimp.main(None, None, _query, _run)
C:\Program Files\GIMP 2\lib\gimp\2.0\python/gimpfu.py:868: Warning: Two different plugins tried to register 'GeglOpconvolution-matrix_c'.
  gimp.main(None, None, _query, _run)
C:\Program Files\GIMP 2\lib\gimp\2.0\python/gimpfu.py:868: Warning: Two different plugins tried to register 'GeglOpcopy-buffer_c'.
  gimp.main(None, None, _query, _run)
C:\Program Files\GIMP 2\lib\gimp\2.0\python/gimpfu.py:868: Warning: Two different plugins tried to register 'GeglOpdifference-of-gaussians_c'.
  gimp.main(None, None, _query, _run)
C:\Program Files\GIMP 2\lib\gimp\2.0\python/gimpfu.py:868: Warning: Two different plugins tried to register 'GeglOpdisplay_c'.
  gimp.main(None, None, _query, _run)
C:\Program Files\GIMP 2\lib\gimp\2.0\python/gimpfu.py:868: Warning: Two different plugins tried to register 'GeglOpdither_c'.
  gimp.main(None, None, _query, _run)
C:\Program Files\GIMP 2\lib\gimp\2.0\python/gimpfu.py:868: Warning: Two different plugins tried to register 'GeglOpdomain-transform_c'.
  gimp.main(None, None, _query, _run)
C:\Program Files\GIMP 2\lib\gimp\2.0\python/gimpfu.py:868: Warning: Two different plugins tried to register 'GeglOpdropshadow_c'.
  gimp.main(None, None, _query, _run)
C:\Program Files\GIMP 2\lib\gimp\2.0\python/gimpfu.py:868: Warning: Two different plugins tried to register 'GeglOpedge-neon_c'.
  gimp.main(None, None, _query, _run)
C:\Program Files\GIMP 2\lib\gimp\2.0\python/gimpfu.py:868: Warning: Two different plugins tried to register 'GeglOpedge-sobel_c'.
  gimp.main(None, None, _query, _run)
C:\Program Files\GIMP 2\lib\gimp\2.0\python/gimpfu.py:868: Warning: Two different plugins tried to register 'GeglOpexp-combine_c'.
  gimp.main(None, None, _query, _run)
C:\Program Files\GIMP 2\lib\gimp\2.0\python/gimpfu.py:868: Warning: Two different plugins tried to register 'GeglOpexposure_c'.
  gimp.main(None, None, _query, _run)
C:\Program Files\GIMP 2\lib\gimp\2.0\python/gimpfu.py:868: Warning: Two different plugins tried to register 'GeglOpfattal02_c'.
  gimp.main(None, None, _query, _run)
C:\Program Files\GIMP 2\lib\gimp\2.0\python/gimpfu.py:868: Warning: Two different plugins tried to register 'GeglOpgaussian-blur_c'.
  gimp.main(None, None, _query, _run)
C:\Program Files\GIMP 2\lib\gimp\2.0\python/gimpfu.py:868: Warning: Two different plugins tried to register 'GeglOpgblur-1d_c'.
  gimp.main(None, None, _query, _run)
C:\Program Files\GIMP 2\lib\gimp\2.0\python/gimpfu.py:868: Warning: Two different plugins tried to register 'GeglOpgegl-buffer-load-op_c'.
  gimp.main(None, None, _query, _run)
C:\Program Files\GIMP 2\lib\gimp\2.0\python/gimpfu.py:868: Warning: Two different plugins tried to register 'GeglOpgegl-buffer-save-op_c'.
  gimp.main(None, None, _query, _run)
C:\Program Files\GIMP 2\lib\gimp\2.0\python/gimpfu.py:868: Warning: Two different plugins tried to register 'GeglOpgegl_c'.
  gimp.main(None, None, _query, _run)
C:\Program Files\GIMP 2\lib\gimp\2.0\python/gimpfu.py:868: Warning: Two different plugins tried to register 'GeglOpgrey_c'.
  gimp.main(None, None, _query, _run)
C:\Program Files\GIMP 2\lib\gimp\2.0\python/gimpfu.py:868: Warning: Two different plugins tried to register 'GeglOpgrid_c'.
  gimp.main(None, None, _query, _run)
C:\Program Files\GIMP 2\lib\gimp\2.0\python/gimpfu.py:868: Warning: Two different plugins tried to register 'GeglOphigh-pass_c'.
  gimp.main(None, None, _query, _run)
C:\Program Files\GIMP 2\lib\gimp\2.0\python/gimpfu.py:868: Warning: Two different plugins tried to register 'GeglOphue-chroma_c'.
  gimp.main(None, None, _query, _run)
C:\Program Files\GIMP 2\lib\gimp\2.0\python/gimpfu.py:868: Warning: Two different plugins tried to register 'GeglOpicc-load_c'.
  gimp.main(None, None, _query, _run)
C:\Program Files\GIMP 2\lib\gimp\2.0\python/gimpfu.py:868: Warning: Two different plugins tried to register 'GeglOpicc-save_c'.
  gimp.main(None, None, _query, _run)
C:\Program Files\GIMP 2\lib\gimp\2.0\python/gimpfu.py:868: Warning: Two different plugins tried to register 'GeglOpimage-compare_c'.
  gimp.main(None, None, _query, _run)
C:\Program Files\GIMP 2\lib\gimp\2.0\python/gimpfu.py:868: Warning: Two different plugins tried to register 'GeglOpimage-gradient_c'.
  gimp.main(None, None, _query, _run)
C:\Program Files\GIMP 2\lib\gimp\2.0\python/gimpfu.py:868: Warning: Two different plugins tried to register 'GeglOpintrospect_c'.
  gimp.main(None, None, _query, _run)
C:\Program Files\GIMP 2\lib\gimp\2.0\python/gimpfu.py:868: Warning: Two different plugins tried to register 'GeglOpinvert-gamma_c'.
  gimp.main(None, None, _query, _run)
C:\Program Files\GIMP 2\lib\gimp\2.0\python/gimpfu.py:868: Warning: Two different plugins tried to register 'GeglOpinvert-linear_c'.
  gimp.main(None, None, _query, _run)
C:\Program Files\GIMP 2\lib\gimp\2.0\python/gimpfu.py:868: Warning: Two different plugins tried to register 'GeglOplayer_c'.
  gimp.main(None, None, _query, _run)
C:\Program Files\GIMP 2\lib\gimp\2.0\python/gimpfu.py:868: Warning: Two different plugins tried to register 'GeglOplevels_c'.
  gimp.main(None, None, _query, _run)
C:\Program Files\GIMP 2\lib\gimp\2.0\python/gimpfu.py:868: Warning: Two different plugins tried to register 'GeglOplinear-gradient_c'.
  gimp.main(None, None, _query, _run)
C:\Program Files\GIMP 2\lib\gimp\2.0\python/gimpfu.py:868: Warning: Two different plugins tried to register 'GeglOplittle-planet_c'.
  gimp.main(None, None, _query, _run)
C:\Program Files\GIMP 2\lib\gimp\2.0\python/gimpfu.py:868: Warning: Two different plugins tried to register 'GeglOplocal-threshold_c'.
  gimp.main(None, None, _query, _run)
C:\Program Files\GIMP 2\lib\gimp\2.0\python/gimpfu.py:868: Warning: Two different plugins tried to register 'GeglOplong-shadow_c'.
  gimp.main(None, None, _query, _run)
C:\Program Files\GIMP 2\lib\gimp\2.0\python/gimpfu.py:868: Warning: Two different plugins tried to register 'GeglOpmagick-load_c'.
  gimp.main(None, None, _query, _run)
C:\Program Files\GIMP 2\lib\gimp\2.0\python/gimpfu.py:868: Warning: Two different plugins tried to register 'GeglOpmantiuk06_c'.
  gimp.main(None, None, _query, _run)
C:\Program Files\GIMP 2\lib\gimp\2.0\python/gimpfu.py:868: Warning: Two different plugins tried to register 'GeglOpmap-absolute_c'.
  gimp.main(None, None, _query, _run)
C:\Program Files\GIMP 2\lib\gimp\2.0\python/gimpfu.py:868: Warning: Two different plugins tried to register 'GeglOpmap-relative_c'.
  gimp.main(None, None, _query, _run)
C:\Program Files\GIMP 2\lib\gimp\2.0\python/gimpfu.py:868: Warning: Two different plugins tried to register 'GeglOpmatting-global_c'.
  gimp.main(None, None, _query, _run)
C:\Program Files\GIMP 2\lib\gimp\2.0\python/gimpfu.py:868: Warning: Two different plugins tried to register 'GeglOpmblur_c'.
  gimp.main(None, None, _query, _run)
C:\Program Files\GIMP 2\lib\gimp\2.0\python/gimpfu.py:868: Warning: Two different plugins tried to register 'GeglOpmean-curvature-blur_c'.
  gimp.main(None, None, _query, _run)
C:\Program Files\GIMP 2\lib\gimp\2.0\python/gimpfu.py:868: Warning: Two different plugins tried to register 'GeglOpmedian-blur_c'.
  gimp.main(None, None, _query, _run)
C:\Program Files\GIMP 2\lib\gimp\2.0\python/gimpfu.py:868: Warning: Two different plugins tried to register 'GeglOpmirrors_c'.
  gimp.main(None, None, _query, _run)
C:\Program Files\GIMP 2\lib\gimp\2.0\python/gimpfu.py:868: Warning: Two different plugins tried to register 'GeglOpmix_c'.
  gimp.main(None, None, _query, _run)
C:\Program Files\GIMP 2\lib\gimp\2.0\python/gimpfu.py:868: Warning: Two different plugins tried to register 'GeglOpmono-mixer_c'.
  gimp.main(None, None, _query, _run)
C:\Program Files\GIMP 2\lib\gimp\2.0\python/gimpfu.py:868: Warning: Two different plugins tried to register 'GeglOpmotion-blur-linear_c'.
  gimp.main(None, None, _query, _run)
C:\Program Files\GIMP 2\lib\gimp\2.0\python/gimpfu.py:868: Warning: Two different plugins tried to register 'GeglOpnegative-darkroom_c'.
  gimp.main(None, None, _query, _run)
C:\Program Files\GIMP 2\lib\gimp\2.0\python/gimpfu.py:868: Warning: Two different plugins tried to register 'GeglOpnewsprint_c'.
  gimp.main(None, None, _query, _run)
C:\Program Files\GIMP 2\lib\gimp\2.0\python/gimpfu.py:868: Warning: Two different plugins tried to register 'GeglOpnoise-cell_c'.
  gimp.main(None, None, _query, _run)
C:\Program Files\GIMP 2\lib\gimp\2.0\python/gimpfu.py:868: Warning: Two different plugins tried to register 'GeglOpnoise-cie-lch_c'.
  gimp.main(None, None, _query, _run)
C:\Program Files\GIMP 2\lib\gimp\2.0\python/gimpfu.py:868: Warning: Two different plugins tried to register 'GeglOpnoise-hsv_c'.
  gimp.main(None, None, _query, _run)
C:\Program Files\GIMP 2\lib\gimp\2.0\python/gimpfu.py:868: Warning: Two different plugins tried to register 'GeglOpnoise-hurl_c'.
  gimp.main(None, None, _query, _run)
C:\Program Files\GIMP 2\lib\gimp\2.0\python/gimpfu.py:868: Warning: Two different plugins tried to register 'GeglOpnoise-perlin_c'.
  gimp.main(None, None, _query, _run)
C:\Program Files\GIMP 2\lib\gimp\2.0\python/gimpfu.py:868: Warning: Two different plugins tried to register 'GeglOpnoise-pick_c'.
  gimp.main(None, None, _query, _run)
C:\Program Files\GIMP 2\lib\gimp\2.0\python/gimpfu.py:868: Warning: Two different plugins tried to register 'GeglOpnoise-reduction_c'.
  gimp.main(None, None, _query, _run)
C:\Program Files\GIMP 2\lib\gimp\2.0\python/gimpfu.py:868: Warning: Two different plugins tried to register 'GeglOpnoise-rgb_c'.
  gimp.main(None, None, _query, _run)
C:\Program Files\GIMP 2\lib\gimp\2.0\python/gimpfu.py:868: Warning: Two different plugins tried to register 'GeglOpnoise-simplex_c'.
  gimp.main(None, None, _query, _run)
C:\Program Files\GIMP 2\lib\gimp\2.0\python/gimpfu.py:868: Warning: Two different plugins tried to register 'GeglOpnoise-spread_c'.
  gimp.main(None, None, _query, _run)
C:\Program Files\GIMP 2\lib\gimp\2.0\python/gimpfu.py:868: Warning: Two different plugins tried to register 'GeglOpnormal-map_c'.
  gimp.main(None, None, _query, _run)
C:\Program Files\GIMP 2\lib\gimp\2.0\python/gimpfu.py:868: Warning: Two different plugins tried to register 'GeglOpopacity_c'.
  gimp.main(None, None, _query, _run)
C:\Program Files\GIMP 2\lib\gimp\2.0\python/gimpfu.py:868: Warning: Two different plugins tried to register 'GeglOpopen-buffer_c'.
  gimp.main(None, None, _query, _run)
C:\Program Files\GIMP 2\lib\gimp\2.0\python/gimpfu.py:868: Warning: Two different plugins tried to register 'GeglOpover_c'.
  gimp.main(None, None, _query, _run)
C:\Program Files\GIMP 2\lib\gimp\2.0\python/gimpfu.py:868: Warning: Two different plugins tried to register 'GeglOppack_c'.
  gimp.main(None, None, _query, _run)
C:\Program Files\GIMP 2\lib\gimp\2.0\python/gimpfu.py:868: Warning: Two different plugins tried to register 'GeglOppanorama-projection_c'.
  gimp.main(None, None, _query, _run)
C:\Program Files\GIMP 2\lib\gimp\2.0\python/gimpfu.py:868: Warning: Two different plugins tried to register 'GeglOppixelize_c'.
  gimp.main(None, None, _query, _run)
C:\Program Files\GIMP 2\lib\gimp\2.0\python/gimpfu.py:868: Warning: Two different plugins tried to register 'GeglOpposterize_c'.
  gimp.main(None, None, _query, _run)
C:\Program Files\GIMP 2\lib\gimp\2.0\python/gimpfu.py:868: Warning: Two different plugins tried to register 'GeglOpradial-gradient_c'.
  gimp.main(None, None, _query, _run)
C:\Program Files\GIMP 2\lib\gimp\2.0\python/gimpfu.py:868: Warning: Two different plugins tried to register 'GeglOprectangle_c'.
  gimp.main(None, None, _query, _run)
C:\Program Files\GIMP 2\lib\gimp\2.0\python/gimpfu.py:868: Warning: Two different plugins tried to register 'GeglOprecursive-transform_c'.
  gimp.main(None, None, _query, _run)
C:\Program Files\GIMP 2\lib\gimp\2.0\python/gimpfu.py:868: Warning: Two different plugins tried to register 'GeglOpreinhard05_c'.
  gimp.main(None, None, _query, _run)
C:\Program Files\GIMP 2\lib\gimp\2.0\python/gimpfu.py:868: Warning: Two different plugins tried to register 'GeglOpremap_c'.
  gimp.main(None, None, _query, _run)
C:\Program Files\GIMP 2\lib\gimp\2.0\python/gimpfu.py:868: Warning: Two different plugins tried to register 'GeglOprgb-clip_c'.
  gimp.main(None, None, _query, _run)
C:\Program Files\GIMP 2\lib\gimp\2.0\python/gimpfu.py:868: Warning: Two different plugins tried to register 'GeglOpsaturation_c'.
  gimp.main(None, None, _query, _run)
C:\Program Files\GIMP 2\lib\gimp\2.0\python/gimpfu.py:868: Warning: Two different plugins tried to register 'GeglOpsave_c'.
  gimp.main(None, None, _query, _run)
C:\Program Files\GIMP 2\lib\gimp\2.0\python/gimpfu.py:868: Warning: Two different plugins tried to register 'GeglOpsepia_c'.
  gimp.main(None, None, _query, _run)
C:\Program Files\GIMP 2\lib\gimp\2.0\python/gimpfu.py:868: Warning: Two different plugins tried to register 'GeglOpslic_c'.
  gimp.main(None, None, _query, _run)
C:\Program Files\GIMP 2\lib\gimp\2.0\python/gimpfu.py:868: Warning: Two different plugins tried to register 'GeglOpsnn-mean_c'.
  gimp.main(None, None, _query, _run)
C:\Program Files\GIMP 2\lib\gimp\2.0\python/gimpfu.py:868: Warning: Two different plugins tried to register 'GeglOpspherize_c'.
  gimp.main(None, None, _query, _run)
C:\Program Files\GIMP 2\lib\gimp\2.0\python/gimpfu.py:868: Warning: Two different plugins tried to register 'GeglOpstress_c'.
  gimp.main(None, None, _query, _run)
C:\Program Files\GIMP 2\lib\gimp\2.0\python/gimpfu.py:868: Warning: Two different plugins tried to register 'GeglOpstretch-contrast-hsv_c'.
  gimp.main(None, None, _query, _run)
C:\Program Files\GIMP 2\lib\gimp\2.0\python/gimpfu.py:868: Warning: Two different plugins tried to register 'GeglOpstretch-contrast_c'.
  gimp.main(None, None, _query, _run)
C:\Program Files\GIMP 2\lib\gimp\2.0\python/gimpfu.py:868: Warning: Two different plugins tried to register 'GeglOpsvg-huerotate_c'.
  gimp.main(None, None, _query, _run)
C:\Program Files\GIMP 2\lib\gimp\2.0\python/gimpfu.py:868: Warning: Two different plugins tried to register 'GeglOpsvg-luminancetoalpha_c'.
  gimp.main(None, None, _query, _run)
C:\Program Files\GIMP 2\lib\gimp\2.0\python/gimpfu.py:868: Warning: Two different plugins tried to register 'GeglOpsvg-matrix_c'.
  gimp.main(None, None, _query, _run)
C:\Program Files\GIMP 2\lib\gimp\2.0\python/gimpfu.py:868: Warning: Two different plugins tried to register 'GeglOpsvg-saturate_c'.
  gimp.main(None, None, _query, _run)
C:\Program Files\GIMP 2\lib\gimp\2.0\python/gimpfu.py:868: Warning: Two different plugins tried to register 'GeglOpthreshold_c'.
  gimp.main(None, None, _query, _run)
C:\Program Files\GIMP 2\lib\gimp\2.0\python/gimpfu.py:868: Warning: Two different plugins tried to register 'GeglOptile-seamless_c'.
  gimp.main(None, None, _query, _run)
C:\Program Files\GIMP 2\lib\gimp\2.0\python/gimpfu.py:868: Warning: Two different plugins tried to register 'GeglOptile_c'.
  gimp.main(None, None, _query, _run)
C:\Program Files\GIMP 2\lib\gimp\2.0\python/gimpfu.py:868: Warning: Two different plugins tried to register 'GeglOpunpremultiply_c'.
  gimp.main(None, None, _query, _run)
C:\Program Files\GIMP 2\lib\gimp\2.0\python/gimpfu.py:868: Warning: Two different plugins tried to register 'GeglOpunsharp-mask_c'.
  gimp.main(None, None, _query, _run)
C:\Program Files\GIMP 2\lib\gimp\2.0\python/gimpfu.py:868: Warning: Two different plugins tried to register 'GeglOpvalue-invert_c'.
  gimp.main(None, None, _query, _run)
C:\Program Files\GIMP 2\lib\gimp\2.0\python/gimpfu.py:868: Warning: Two different plugins tried to register 'GeglOpvignette_c'.
  gimp.main(None, None, _query, _run)
C:\Program Files\GIMP 2\lib\gimp\2.0\python/gimpfu.py:868: Warning: Two different plugins tried to register 'GeglOpwaterpixels_c'.
  gimp.main(None, None, _query, _run)
C:\Program Files\GIMP 2\lib\gimp\2.0\python/gimpfu.py:868: Warning: Two different plugins tried to register 'GeglOpwatershed-transform_c'.
  gimp.main(None, None, _query, _run)
C:\Program Files\GIMP 2\lib\gimp\2.0\python/gimpfu.py:868: Warning: Two different plugins tried to register 'GeglOpwavelet-blur-1d_c'.
  gimp.main(None, None, _query, _run)
C:\Program Files\GIMP 2\lib\gimp\2.0\python/gimpfu.py:868: Warning: Two different plugins tried to register 'GeglOpwavelet-blur_c'.
  gimp.main(None, None, _query, _run)
C:\Program Files\GIMP 2\lib\gimp\2.0\python/gimpfu.py:868: Warning: Two different plugins tried to register 'GeglOpweighted-blend_c'.
  gimp.main(None, None, _query, _run)
C:\Program Files\GIMP 2\lib\gimp\2.0\python/gimpfu.py:868: Warning: Two different plugins tried to register 'GeglOpwrite-buffer_c'.
  gimp.main(None, None, _query, _run)
C:\Program Files\GIMP 2\lib\gimp\2.0\python/gimpfu.py:868: Warning: Two different plugins tried to register 'GeglOpdenoise-dct_cc'.
  gimp.main(None, None, _query, _run)
C:\Program Files\GIMP 2\lib\gimp\2.0\python/gimpfu.py:868: Warning: Two different plugins tried to register 'GeglOpdistance-transform_cc'.
  gimp.main(None, None, _query, _run)
C:\Program Files\GIMP 2\lib\gimp\2.0\python/gimpfu.py:868: Warning: Two different plugins tried to register 'GeglOpfocus-blur_c'.
  gimp.main(None, None, _query, _run)
C:\Program Files\GIMP 2\lib\gimp\2.0\python/gimpfu.py:868: Warning: Two different plugins tried to register 'GeglOplens-blur_cc'.
  gimp.main(None, None, _query, _run)
C:\Program Files\GIMP 2\lib\gimp\2.0\python/gimpfu.py:868: Warning: Two different plugins tried to register 'GeglOppiecewise-blend_cc'.
  gimp.main(None, None, _query, _run)
C:\Program Files\GIMP 2\lib\gimp\2.0\python/gimpfu.py:868: Warning: Two different plugins tried to register 'GeglOpvariable-blur_c'.
  gimp.main(None, None, _query, _run)
C:\Program Files\GIMP 2\lib\gimp\2.0\python/gimpfu.py:868: Warning: Two different plugins tried to register 'GeglOpwarp_cc'.
  gimp.main(None, None, _query, _run)
C:\Program Files\GIMP 2\lib\gimp\2.0\python/gimpfu.py:868: Warning: Two different plugins tried to register 'GeglOpexr-save_cc'.
  gimp.main(None, None, _query, _run)
C:\Program Files\GIMP 2\lib\gimp\2.0\python/gimpfu.py:868: Warning: Two different plugins tried to register 'GeglOpexr-load_cpp'.
  gimp.main(None, None, _query, _run)
WARNING:root:PRISM FUNCTIONS:  Checking Server
WARNING:root:PRISM FUNCTIONS:  Opening Project Browser
WARNING:root:PRISM FUNCTIONS:  Connected by:  ('127.0.0.1', 32425)
WARNING:root:PRISM FUNCTIONS:  Received Data
WARNING:root:PRISM FUNCTIONS:  decoding json:
WARNING:root:PRISM FUNCTIONS:  {"command": "getCurrentFilename", "data": null}
WARNING:root:PRISM FUNCTIONS:  decoded:   getCurrentFilename
WARNING:root:PRISM FUNCTIONS:  Command received:   getCurrentFilename
WARNING:root:PRISM FUNCTIONS:  Current Filename:   N:\Data\Projects\Prism Tests\01_Production\Assets\Abstract\Scenefiles\gimp\Paint\Abstract_Paint_v003.xcf
WARNING:root:PRISM FUNCTIONS:  Creating json for:  currentFilename
WARNING:root:PRISM FUNCTIONS:  Responding
WARNING:root:PRISM FUNCTIONS:  Connected by:  ('127.0.0.1', 32426)
WARNING:root:PRISM FUNCTIONS:  Received Data
WARNING:root:PRISM FUNCTIONS:  decoding json:
WARNING:root:PRISM FUNCTIONS:  {"command": "getCurrentFilename", "data": null}
WARNING:root:PRISM FUNCTIONS:  decoded:   getCurrentFilename
WARNING:root:PRISM FUNCTIONS:  Command received:   getCurrentFilename
WARNING:root:PRISM FUNCTIONS:  Current Filename:   N:\Data\Projects\Prism Tests\01_Production\Assets\Abstract\Scenefiles\gimp\Paint\Abstract_Paint_v003.xcf
WARNING:root:PRISM FUNCTIONS:  Creating json for:  currentFilename
WARNING:root:PRISM FUNCTIONS:  Responding
WARNING:root:PRISM FUNCTIONS:  Connected by:  ('127.0.0.1', 32427)
WARNING:root:PRISM FUNCTIONS:  Received Data
WARNING:root:PRISM FUNCTIONS:  decoding json:
WARNING:root:PRISM FUNCTIONS:  {"command": "getCurrentFilename", "data": null}
WARNING:root:PRISM FUNCTIONS:  decoded:   getCurrentFilename
WARNING:root:PRISM FUNCTIONS:  Command received:   getCurrentFilename
WARNING:root:PRISM FUNCTIONS:  Current Filename:   N:\Data\Projects\Prism Tests\01_Production\Assets\Abstract\Scenefiles\gimp\Paint\Abstract_Paint_v003.xcf
WARNING:root:PRISM FUNCTIONS:  Creating json for:  currentFilename
WARNING:root:PRISM FUNCTIONS:  Responding
WARNING:root:PRISM FUNCTIONS:  Connected by:  ('127.0.0.1', 32428)
WARNING:root:PRISM FUNCTIONS:  Received Data
WARNING:root:PRISM FUNCTIONS:  decoding json:
WARNING:root:PRISM FUNCTIONS:  {"command": "getStates", "data": null}
WARNING:root:PRISM FUNCTIONS:  decoded:   getStates
WARNING:root:PRISM FUNCTIONS:  Command received:   getStates
WARNING:root:PRISM FUNCTIONS:  strData:   "{\n    \"states\": [\n        {\n            \"statename\": \"publish\",\n            \"comment\": \"test export\",\n            \"description\": \"\"\n        },\n        {\n            \"stateparent\": \"None\",\n            \"stateclass\": \"Gimp_Render\",\n            \"uuid\": \"71bf567c77b643cd89a48fafb483a38c\",\n            \"stateName\": \"Gimp_Render - {identifier}\",\n            \"contextType\": \"\",\n            \"customContext\": null,\n            \"taskname\": \"Paint\",\n            \"masterVersion\": \"Don't update master\",\n            \"curoutputpath\": \"global\",\n            \"outputFormat\": \".jpg\",\n            \"colorMode\": \"RGB\",\n            \"bitDepth\": \"8\",\n            \"alphaFill\": \"checker\",\n            \"png_Compress\": \"5\",\n            \"png_Interlaced\": false,\n            \"png_Gamma\": false,\n            \"png_Rez\": true,\n            \"png_BgColor\": true,\n            \"png_LayerOffset\": false,\n            \"png_AlphaColor\": true,\n            \"jpg_Qual\": \".5\",\n            \"jpg_Smooth\": \".5\",\n            \"jpg_SubSample\": \"4:2:2\",\n            \"jpg_Optimize\": true,\n            \"jpg_Progressive\": false,\n            \"jpg_ArithCode\": false,\n            \"exportComment\": \"\",\n            \"lastexportpath\": \"N:/Data/Projects/Prism Tests/01_Production/Assets/Abstract/Renders/2dRender/Paint/v001/Abstract_Paint_v001.jpg\",\n            \"stateenabled\": 2\n        }\n    ]\n}"
WARNING:root:PRISM FUNCTIONS:  Creating json for:  StateData
WARNING:root:PRISM FUNCTIONS:  Responding
WARNING:root:PRISM FUNCTIONS:  Connected by:  ('127.0.0.1', 32429)
WARNING:root:PRISM FUNCTIONS:  Received Data
WARNING:root:PRISM FUNCTIONS:  decoding json:
WARNING:root:PRISM FUNCTIONS:  {"command": "getCurrentFilename", "data": null}
WARNING:root:PRISM FUNCTIONS:  decoded:   getCurrentFilename
WARNING:root:PRISM FUNCTIONS:  Command received:   getCurrentFilename
WARNING:root:PRISM FUNCTIONS:  Current Filename:   N:\Data\Projects\Prism Tests\01_Production\Assets\Abstract\Scenefiles\gimp\Paint\Abstract_Paint_v003.xcf
WARNING:root:PRISM FUNCTIONS:  Creating json for:  currentFilename
WARNING:root:PRISM FUNCTIONS:  Responding
WARNING:root:PRISM FUNCTIONS:  Connected by:  ('127.0.0.1', 32430)
WARNING:root:PRISM FUNCTIONS:  Received Data
WARNING:root:PRISM FUNCTIONS:  decoding json:
WARNING:root:PRISM FUNCTIONS:  {"command": "getCurrentFilename", "data": null}
WARNING:root:PRISM FUNCTIONS:  decoded:   getCurrentFilename
WARNING:root:PRISM FUNCTIONS:  Command received:   getCurrentFilename
WARNING:root:PRISM FUNCTIONS:  Current Filename:   N:\Data\Projects\Prism Tests\01_Production\Assets\Abstract\Scenefiles\gimp\Paint\Abstract_Paint_v003.xcf
WARNING:root:PRISM FUNCTIONS:  Creating json for:  currentFilename
WARNING:root:PRISM FUNCTIONS:  Responding
WARNING:root:PRISM FUNCTIONS:  Connected by:  ('127.0.0.1', 32431)
WARNING:root:PRISM FUNCTIONS:  Received Data
WARNING:root:PRISM FUNCTIONS:  decoding json:
WARNING:root:PRISM FUNCTIONS:  {"command": "getCurrentFilename", "data": null}
WARNING:root:PRISM FUNCTIONS:  decoded:   getCurrentFilename
WARNING:root:PRISM FUNCTIONS:  Command received:   getCurrentFilename
WARNING:root:PRISM FUNCTIONS:  Current Filename:   N:\Data\Projects\Prism Tests\01_Production\Assets\Abstract\Scenefiles\gimp\Paint\Abstract_Paint_v003.xcf
WARNING:root:PRISM FUNCTIONS:  Creating json for:  currentFilename
WARNING:root:PRISM FUNCTIONS:  Responding
WARNING:root:PRISM FUNCTIONS:  Connected by:  ('127.0.0.1', 32432)
WARNING:root:PRISM FUNCTIONS:  Received Data
WARNING:root:PRISM FUNCTIONS:  decoding json:
WARNING:root:PRISM FUNCTIONS:  {"command": "saveStates", "data": {"stateData": "\"{\\n    \\\"states\\\": [\\n        {\\n            \\\"statename\\\": \\\"publish\\\",\\n            \\\"comment\\\": \\\"test export\\\",\\n            \\\"description\\\": \\\"\\\"\\n        },\\n        {\\n            \\\"stateparent\\\": \\\"None\\\",\\n            \\\"stateclass\\\": \\\"Gimp_Render\\\",\\n            \\\"uuid\\\": \\\"71bf567c77b643cd89a48fafb483a38c\\\",\\n            \\\"stateName\\\": \\\"Gimp_Render - {identifier}\\\",\\n            \\\"contextType\\\": \\\"\\\",\\n            \\\"customContext\\\": null,\\n            \\\"taskname\\\": \\\"Paint\\\",\\n            \\\"masterVersion\\\": \\\"Don't update master\\\",\\n            \\\"curoutputpath\\\": \\\"global\\\",\\n            \\\"outputFormat\\\": \\\".jpg\\\",\\n            \\\"colorMode\\\": \\\"RGB\\\",\\n            \\\"bitDepth\\\": \\\"8\\\",\\n            \\\"alphaFill\\\": \\\"checker\\\",\\n            \\\"png_Compress\\\": \\\"5\\\",\\n            \\\"png_Interlaced\\\": false,\\n            \\\"png_Gamma\\\": false,\\n            \\\"png_Rez\\\": true,\\n            \\\"png_BgColor\\\": true,\\n            \\\"png_LayerOffset\\\": false,\\n            \\\"png_AlphaColor\\\": true,\\n            \\\"jpg_Qual\\\": \\\".5\\\",\\n            \\\"jpg_Smooth\\\": \\\".5\\\",\\n            \\\"jpg_SubSample\\\": \\\"4:2:2\\\",\\n            \\\"jpg_Optimize\\\": true,\\n            \\\"jpg_Progressive\\\": false,\\n            \\\"jpg_ArithCode\\\": false,\\n            \\\"exportComment\\\": \\\"\\\",\\n            \\\"lastexportpath\\\": \\\"N:/Data/Projects/Prism Tests/01_Production/Assets/Abstract/Renders/2dRender/Paint/v001/Abstract_Paint_v001.jpg\\\",\\n            \\\"stateenabled\\\": 2\\n        }\\n    ]\\n}\""}}
WARNING:root:PRISM FUNCTIONS:  decoded:   saveStates
WARNING:root:PRISM FUNCTIONS:  Command received:   saveStates
WARNING:root:PRISM FUNCTIONS:  Saved States
WARNING:root:PRISM FUNCTIONS:  Creating json for:  Success
WARNING:root:PRISM FUNCTIONS:  Responding
WARNING:root:PRISM FUNCTIONS:  Connected by:  ('127.0.0.1', 32433)
WARNING:root:PRISM FUNCTIONS:  Received Data
WARNING:root:PRISM FUNCTIONS:  decoding json:
WARNING:root:PRISM FUNCTIONS:  {"command": "getCurrentFilename", "data": null}
WARNING:root:PRISM FUNCTIONS:  decoded:   getCurrentFilename
WARNING:root:PRISM FUNCTIONS:  Command received:   getCurrentFilename
WARNING:root:PRISM FUNCTIONS:  Current Filename:   N:\Data\Projects\Prism Tests\01_Production\Assets\Abstract\Scenefiles\gimp\Paint\Abstract_Paint_v003.xcf
WARNING:root:PRISM FUNCTIONS:  Creating json for:  currentFilename
WARNING:root:PRISM FUNCTIONS:  Responding
WARNING:root:PRISM FUNCTIONS:  Connected by:  ('127.0.0.1', 32434)
WARNING:root:PRISM FUNCTIONS:  Received Data
WARNING:root:PRISM FUNCTIONS:  decoding json:
WARNING:root:PRISM FUNCTIONS:  {"command": "saveStates", "data": {"stateData": "\"{\\n    \\\"states\\\": [\\n        {\\n            \\\"statename\\\": \\\"publish\\\",\\n            \\\"comment\\\": \\\"test export\\\",\\n            \\\"description\\\": \\\"\\\"\\n        },\\n        {\\n            \\\"stateparent\\\": \\\"None\\\",\\n            \\\"stateclass\\\": \\\"Gimp_Render\\\",\\n            \\\"uuid\\\": \\\"71bf567c77b643cd89a48fafb483a38c\\\",\\n            \\\"stateName\\\": \\\"Gimp_Render - {identifier}\\\",\\n            \\\"contextType\\\": \\\"\\\",\\n            \\\"customContext\\\": null,\\n            \\\"taskname\\\": \\\"Paint\\\",\\n            \\\"masterVersion\\\": \\\"Don't update master\\\",\\n            \\\"curoutputpath\\\": \\\"global\\\",\\n            \\\"outputFormat\\\": \\\".jpg\\\",\\n            \\\"colorMode\\\": \\\"RGB\\\",\\n            \\\"bitDepth\\\": \\\"8\\\",\\n            \\\"alphaFill\\\": \\\"checker\\\",\\n            \\\"png_Compress\\\": \\\"5\\\",\\n            \\\"png_Interlaced\\\": false,\\n            \\\"png_Gamma\\\": false,\\n            \\\"png_Rez\\\": true,\\n            \\\"png_BgColor\\\": true,\\n            \\\"png_LayerOffset\\\": false,\\n            \\\"png_AlphaColor\\\": true,\\n            \\\"jpg_Qual\\\": \\\".5\\\",\\n            \\\"jpg_Smooth\\\": \\\".5\\\",\\n            \\\"jpg_SubSample\\\": \\\"4:2:2\\\",\\n            \\\"jpg_Optimize\\\": true,\\n            \\\"jpg_Progressive\\\": false,\\n            \\\"jpg_ArithCode\\\": false,\\n            \\\"exportComment\\\": \\\"\\\",\\n            \\\"lastexportpath\\\": \\\"N:/Data/Projects/Prism Tests/01_Production/Assets/Abstract/Renders/2dRender/Paint/v001/Abstract_Paint_v001.jpg\\\",\\n            \\\"stateenabled\\\": 2\\n        }\\n    ]\\n}\""}}
WARNING:root:PRISM FUNCTIONS:  decoded:   saveStates
WARNING:root:PRISM FUNCTIONS:  Command received:   saveStates
WARNING:root:PRISM FUNCTIONS:  Saved States
WARNING:root:PRISM FUNCTIONS:  Creating json for:  Success
WARNING:root:PRISM FUNCTIONS:  Responding
WARNING:root:PRISM FUNCTIONS:  Connected by:  ('127.0.0.1', 32435)
WARNING:root:PRISM FUNCTIONS:  Received Data
WARNING:root:PRISM FUNCTIONS:  decoding json:
WARNING:root:PRISM FUNCTIONS:  {"command": "getCurrentFilename", "data": null}
WARNING:root:PRISM FUNCTIONS:  decoded:   getCurrentFilename
WARNING:root:PRISM FUNCTIONS:  Command received:   getCurrentFilename
WARNING:root:PRISM FUNCTIONS:  Current Filename:   N:\Data\Projects\Prism Tests\01_Production\Assets\Abstract\Scenefiles\gimp\Paint\Abstract_Paint_v003.xcf
WARNING:root:PRISM FUNCTIONS:  Creating json for:  currentFilename
WARNING:root:PRISM FUNCTIONS:  Responding
